czoKMpL9JPRsjJGQVvUpo6zzVX8mkQ1Pv4w34PFrKXzakt6C8Jz1RDNOb4n32VuAAwPKP/SsHrC8r+UN8lp+jqR/znzrAzKS9Uvf6alcfYDu6V3lLzRX0EvXTumkwW0Lau/G7ejS74EI3fAz6IDXtSp97nd1KDrzy/I1NxmQWwM=
EdkscIBaFjOZKKQErLuLg44gcoD2mARLMHf2Vbx+cQyLD0EV6Pi9R2Xg4N4j6B/M4CnFYQD4Gr7ig30YA5KPFxCIhb/3ZO0LUqCW/oZa2zpB/sxjAnOlVqXCYGxfWwGsW/rM2RDVoL3p6R9cXOUbr5npWGQ/xrJp4/I8xcBWM0M=
IKbSnVIxJ+0OPh996zXKNcFxNheVemNn9QfmZc3X56P6G6CjMMPWMX5DX4e/xAYpFxfc11wz24ppQQ36ZwMftqXkUPrEVkxuDff3MW9B/SImOreADElwgFt4SqurDRkBvFT6Mnm/j2iene9DXDfJxknR9749nhVL71ijoHqaOWE=
vAZIEPReCnNlK+HoBwOZMNlgKmDhR3Iolo09KIxpoW5WHrnkMySxsFGSAU+qBWV/MLsTws/GNn78T6MlZEehomXFJMkk/c2oKwC6ISkNMr6LAiSkJUGPe3danYd7ei9rdS0xUZV8MWPgwGh7KDlEB5uUFHZhgqfz8DmsNbZC27g=
DzxZDlhdI/zl7zcVCDLWMa/X9aCB7KAK/OziVh8nlzcpYgQ9SsR2tiUTEeC72xpuawUmbdkY8WElsp7qQQzlbS2LOHwcNrWQhBlgt1u90At2cIE1BO2y0qYqnt5M/V2+r7OhoqybHVKBGuXeySL9KomI89riGXXHYWAu3VuX6ac=
Hpmq7dcLt9A1umilbXNrH8huZLV7B/gVoNcD2X9JyihgdHCxaDgbsXLKLuQbPpoijsdjuKmVmYZMy8P1e57Rr7T3vWFhCZr9E36JIJV5ffQkvjwnGDzlq+xaIgnS6Gfh4f1m9vDxelHZ1lAwPhvguktW2im0y90NnDmsS8CzaBg=
xKgp/IthzfH/lidhGtB97lfKn9MKkmSfHFEZNtpmsZqxazRyYMx+ZyzajLW32xn244sG4bIMqprtp+nGK8duE0XR/ZdlvEdowD88nZmr/VFenr1zxJrrOiIFB1Z1YCDpO3NCM/OUoPwl5O0Nem7vTfr4OW7uCft8URt/QfOqwVA=
m0ow6/tDrnO6dRxHvYo2WO1vCV5LMn0QDZFbKL7CV4IDyRbLZ34yafoRWT+5zKbcwsYRYvYhF9FN0FhR5NFmJlNJM8JxOKJNvEe+lsKI31kV/vOC82RftEc8HOLanduSjAmY6titjdjtjuTMYWQ1b6t/UUdkgcXLLuQ8uBWY+KI=
AWjsW5GThdl1F6c2L0x3AeEQH84jo/AFDEYT1y0IhN+jMSyFuX+O5kH23265Ybwj/qZUgpEJj7aRaeOLBBZIk1mGXgrNT1DQK6Rweof82Wz2nkH/aHcFQaUewrbzYlmvSzUwmzp5EJjTFiF8xOC4hiIqxPFxKhICxAOQnq6DzVk=
uwm4BWNjW1+Jo7RaH5glJfCEPmo00aDyfIHnclcbr91FMCYrP6VfWvNDAlOUhwG9dXqpvDyEz/gT2xjUyNVonWmpVMVuKn/iaYAFgX6UXyM2WzffSgr9IZlW/JU7zchd95UpZv47YuhlCX9vkEJ3dWtUXSZ8zW/Ko2xJSXWvEQE=
kCKeke0RN/Xo1fQ0BkQbh6Ri2E3lhPV+ntYzgWrzD4ykfplQbm2K5P3HRTk4Cng4l6oX1DRcbeuUVL1QrS+GtTuqAmNqNLBADJQUvLO+Mf3WyXI7lb6T2K6Zm7mN46BJC/ubbvYy98miXeud8O34r/hTOsn0LmIWCSf2roupZs0=
iHfNG5HtgVvxBK5guFBvWojIx2ePo5TatL+35RXdSuNOC19V0W2NYWMRL0PSulN/5S7sfM9teNOd+sNKGXFj9JVI4jlQU0lgE2SQxMc784ocR64Ag96KSEnX3vLjPo4RBhfQdDCbvF3ylyDMIyX5O/jwMsNavXRHkNGWgm3oG8U=
BEnEV+8O1LQ+026q3PMS2fDSNJxQLa+qCqlwv1BSa78zvugdewLYIQJ6PKeiebVlPwdu619QhoymL6Qdr6sWt7WI4EnPBgIltek36iUlPDhwrYngV1ort6322He/FfBCbejVNhhCyhiqwX97ts8lODwdjeXdOp1Bn5diQhIpbIo=
g9CujpX769MTTb5Ml549AByvw5qDjBE5/K0+GMSUf17UYQNRhe4zFeyn+pE72hKMv063ghWpn4VWe6oUwqllGMcAo98L3LavwitagWn39jpw2d+D+EmHtuZ+Mw0WhozvSz+GoGczuNBJ4d6hZ0FBEnBod63S/7FP6FUWFvupaKg=
FR0aKcCtaYWd836qovguPHHee84QIvqCfcULR/w+wBgzrHPezehqSW9HtPn5SIAxlJUnoUPbNcqPf+euhiARTu9LHogGGl01JsZ/YR01IR3kP9KwcNRsfj4Qb2QKTbu35pAc1qqKNJ9Vo2rInxQWT2eX8A88Rrmc/7R/90+4vqA=
asz9iGGcgSm1TX4FeuaIet66g14/ddYak+Y5EfbvEfxu1+8HzhZvMnhtUOZcGQf1FcAW+zrEyLIr7XucpnCEN7n2ejuiXFf+77yGTC2vLhsuDQ4ScDcHTH4DKW6ZVqxcuA4rYN9C1qU5/T21UOvJzv5qAWwKyUpgBpLMMufCvn0=
mr4F4GpS2+3Jb/LIh5MRw8ow0XkQogJHNpbARs6syGf9rJrAatpboLFN4N66aEyU2ppESP7wWDHtEuTJ9zLda877XViW0+3kwmWIGPEjNJnocmI6VOD/O9EDAH9iM81HVwmV2A0x0HbjkTkVkyYVrT3HGw4ZR6TIQwaTuFN7rLM=
idCVOPz0kuNOrgJrwkRGcpn1Lwe/zWdpMQhEEt5xb2gJkf7v0KWpKLRrhEWzHBAeZGKZzlj+qtQEV7jc9J8ywVgMY9fpGaO3gaFBJh6bdIz0xqtJamDv06GqQOC/Fg5M/IA0970Fq4sSu/bGIp/4oJfrgOyuGAdRwvv3slnbKEg=
VfsNw6o9VUWTmYMvLMcbS7ZcWdTod+Ewz6lo2hj5xxXBPpCPqD0SCyfRRCZnla5Zleka4k+f72mZWRu1HImrrbf+0HgmIZI49QF95BB2Rv7nV95I8j6E4J5vfLQsMAkjANkMkXZtLptXZTaTLClJppnJfSX/vOKMtr4ttAaTRSk=
xY90TpRVLdvWu3lzAWcdh/wbWaSCi7Al1JEUdUkUNWsNuR/RcJCy7DZObOdYLG6bIJrYNNM0lVF1iCakTCEdu3pXAzqClZrVUo07zR+EMLGqQu6urFfy60h+lTZTe7ISvDSwO8E5hW7DI5ZaBtknbL9czVf/QGPKN0LH91eXdKA=
YPa3WiqnDscjZHMrTABvlMDS+gqyyt70n4lZHTz+j4B6JCZwyLHUCcYeoWcF23T8A1wsAtrcaDbp45d4AzjRdlLdJenePYncTaqlNhYgtNin9wdFxeJgg4shYkAzDiBGOsHv/NsvUPFiec40cCpsoKj4cCDCqCVdPGti4N1D7qc=
WaF0vwqYc4swCkZfP5o2reKgTwVBtqgF1caPX8vpMAq6zAQxlUnja+FSqs+dbx3N9YlMkxPaiS/NgoGFnD1pgFo5RyzZdZWHKCEJ7orGu14/TuCdfobdpF+ZQW85xYNI4jxo8Jl8Ok/sDSWXNrKgpLymXH9zWL3OvoLVThQvsD4=
pXx05UzpFj5RnHNADEnTo3eVTxrQDsT7CD7mcICRjfQZ9UjFnHxLCTJ0SvD08y55gfAZ03YieOLCEMeqQnmzZHWHL267Momm+E/GZ/QFGL+bpPxtjOwn7NP411m09ugPOb5ODuhspZTI0wNjziN2PdgvDarSB4wcy7Gh8gk4TaU=
fIbGBSrIDI69t1WltwFRMKMqxEo2nPITtFj0gykQ8PiT42KcMBSgOE2c2xIIyGHkLg6UWP8vsXHfh9tgkF1l6YBeZ+Gkc9rAo8KqQlpsiatWDxCOcSGI7vxZOEtCvrpOlgDdB68aTN1siIiyjn3q4H7vugxefvLIggUuMRC90tM=
ltlDP21JJObhLkGRAfZtCxrsExECTsiu4H0IPHCnCu99jjk/kHRHPoDZj6T7pY/CxLabUjVV1+UYRd7eI9XZuS8c8jIEvvGzA9dFUgkLw8Y2pYAWxVAYsIKc8wq/Q5pOUPzxie3QQHnHJfFnAOe/VWw8NKlpVYZK+I2a1ioCxqQ=
f3mbBIf3IZDZDy6WYS6HIJwPn5CSgDcqXw/UhsYp2aXhA0zgMARvB2VVLu1cUC/Rw63i2vRzRs4v5b7FiUSU2aJiE/jRKSz+3ApVHOwRuZQ1jrQOzBezuV9t1f2fDArCfg6n0etyAXya9www5/ynGfpZbxlBDRw2pIWRfp43I5w=
yLRQv2twpj2V27K879OXka6gZInTqgq7RU/Vr1kLVVpCly3oDwFKmPsyN/wDdBZBOzlSz4N0yNJcRQJdhXut9P505bXJD2ECIIwMPONK5dc7vSVzLFzfFhHwplMP/gl55i/nSZgUVunVu5hnFNkN/ccVgiC9KeXZ4nlwtK6TGXc=
IRMP686GYOxdQm2t4JHMG+qh05AHCm8GYsu4ZVoKpnN/T+CEe0X03l68WeByGXzELE9OlpjGjgXX7Y/MUP2187AqJb0aSOesKQvxesZhoYPHmoS8b98W93IjIttr8gXg2gUHnbquKuqRT/FBt7/1MX3gomyvL2SQyxjepHHJka8=
lnikaGC7MUdiF1S8W3WgJ+tHYkEeZheQL/JM+yD4elywStf+76EZB3QkTMsZvDtaJ8f2U03BLnXQ/wWEafN8yWg3SpsLjFx9KOFMLs3/hp+A4PUKdAL3ln8V4uPUI3zpVO3eZnJKen9ZRTs8A42GRh4Ju3/0BOPexVnl3emVPdQ=
1FTHl41idKDugTe+57XMyMHF/D7xGiyPWrz/QjFrR6r2HvNTkLY1G84iQZMpv3IQyHw9ZHJW3jL7160sfRg5BDS8o7ZImSE5/WWa+E6EuaT+rxN3BMux6i7drHeNkgvYpNbRLwy29DlJesvXab+YomdM+piJgmyxnZGCAdXlEqk=
0kV4tJQWF1Q+UECmNlxLF8R3+dt7tcl0lHE7ZOERDYkkQdZnPd7BPg2WS0k2ImnhAaT+SJhFxqCrzgyxXfBAFnMf8//N5nq9xlBrMzf5Iec5o1kwiHfngutVZ+pcFfyeTYIg/cIS9pXRLzTnGSzfswoS4vN8j/3/wvqU+hSRTBg=
yj54fhefwY3aQpqU1iAezdmJoHfvzd1N2ZT5buJhJkT7VvEI3cIDDD1QsbNPsXlwa+8Tv6wIUrAbxZPjjxY0wkqby38XVwPf2euRPgMGdmByKQFHncmjVEtQ+hq3G1CqSWf9zhelWgB8GrsbjPYwcrBlw/LpY+JKNDZALjC/OwU=
mn8NNBcKbCe6Cv3ew8FbZBApJZ9q3jFetY/OUnvZcfzH2JDi+Ax4MabhaXp8OQ3tJmcgc5diLkpnChMghMpYZDs+2KVKi3HRkXz5gKCWX2/WMy17mA5Dc5icC0fQ4jRo6VtmDHly2wROaZFXiW7RGnNmY7pH5YW+EBw73JyTCP0=
vhJAi3izRNjtjjE+5xr3fRqrQHpjEZTm0ekqfBA0Q0VzVIcPAFyP9ys2YCUP10bFi2mJn5VEixjFBbHOAw4rNncn0lkicrxMpyi5qbVZPR+Vsr0tjw6LDzdnsmq4MyLkhx6fO14v9BvOMpS66nuy2BK+UJ+NIc/Ib4MMCYY55QM=
Pr0ugJ893tppz+98Imrq9erFPYN387BoH2tT0Vorr87yapKvXkaUmJaB16JWTzwNKgYjmdX2vDHzAzehsl4MfulaCVfZjukQk2Prz/36oAAa58FQPPcoxV9V0BN21e6UYPFKjA1yVbJBsiGsEJmsvQqqE+8lc5FxfAcr6nb96Nc=
XZZ9jQ8tIWH5DgyiaEokWVLe1lMzZ7OsGeE51ylCQYkLyeCxDxzE5Uu8wvAtVWbZgNx4YueQpUuIeo+gb/XSOQyiiuKNKfIwPmI+M40wlx9O63ji4jGrT3SBsKK0Qpw/8ARikz2q6ybOH8a3rqVSM9moOkN3ka/JSIC94wcmgGM=
qSq1gTIUWaWV7pVZQgOoY0AIX9DFsE721dVkeN56nkv2z6+UR0jZy/KIdqh/AXl/V9rMBH66G6rvmjI6sUf1gmak9zLIXj+RBkLTo8bCBcsTrewK6DiIPj1mo1L3FC8ACyVth+IKUrGGmqoBlGI2ytp73FuV3L4cfgQ1/neJRto=
MjWJjJ0BAzlkebXjXGv+rY5qSkPZjk5CdyTNR9dMfYQ5PDRz57E2J5bgV8Sup9WBypSzkaT9XBEpRVzeUQ1KIdX92GLd6BX8t7DXuG2Eon2CK6mlqqf0AZCVJpjTzp3VQ+LtGHKo5dLEe7OlXX9Av1vLBjsjmdFZ2pm06Cr/7T4=
O+0Al6tU7XAfQD6vymcsaEZz8kQdaA2PPKzIX1i90n5eudHrFpvmoGvgXqkkWLDB/lXlKxpq5xaGlRdACSw/lFeZDrDWColBK5jA26+kM5JMsLWKU94UV+bSp1tBI3bxaQSGtNgDsoDjeR1hgGdHvJkGYCjKPY4/UpEJnAOP+ac=
J2DLEApQI0It4xJYoOhH8xYXMJmGgG8RSMGgYrq1FkBV4wIMiLdZVBi04RH9AaocwarmGySB5eG5BL7u819Wur1ztSMZpuUfSkkjJPkHmvPJiFxRP5Tm6SHwMNpN3WtPt4i1dJUcNhY2YT+YDDxt3g+jn3GnVDryxeargCLcKcM=
uILq2wSHFnu94Ro5043uw0+/mMESmrcjNsk71m1L641OXLfIQzFLKCX51Hp3JgUZbQlC5p2D+VBNnwhASR+ve+DNMMGAMcYQG/s5GJ7SKetkQbkYwiIYmx8K/NDxCB0ofVkCG/ZCKQx0Zc/f3Vd6KfErflT4GtN4OFcjZuk+U/g=
tu65Mb8d2kGbhFkSawfR3hoEnuSODy0GhEbEnE0TmQoEICeK87g13fcpQf0mtIvqhkFQ7f+eCHncD3nMraSETH3PUXY99EH8QHaoVraQ63/qT6ssoqCjyhUEQnOpesuX6kPa7TEdC3cdHgx6w3FYv2km3RSdOee8MqVkyd1zi/A=
Y3RugIIesvQHEKxhkdc3xVbjh1FaHhJiP825Z5WdMCF23PqFpCfWUgkgqSF9937rQYqwQDpLBuKxCeV6fGV6VN0lP9/IZy5nlktIvhCGrV+o1858d0AOG4rRPj94kZ2W4FufiBDI9NcfLz30hamriBZmumMNoiwDYFHdbDl77eI=
jvHl80RC63aHQU86IISwPoJrRM5+7NNNdrMjVwTzzcWxj6dDL4/4eJgQXYlOylhnkCK0jlfzWjDsASDLURdrMPamjLVm1VC9uHN5YvVoUrc5rrfcNQ8g4+lYGdH0hYpPryTxqsvzM6TfNtkM+HlJe1B1LqoxHNGRI5BOkoApwK4=
bpjObK/+yIRqBHBwCCKDcPKpaDJAgTLZUQIs1BWSUSu8GENb3RH0pv3QCRSOVGPjtaQlCOkqhVE/14XN9DFRtWNYsP3ox2bWo+lvk5v0Lg+8banJcFkCrkscOeuoGVqiF7TsOxjQKY754Fp/fKeG0xksNHTJ0uXIqmAumcYju5U=
OtyucKH4XevO272pW5hKxUAr1fL49CcdTtuMrWUYg87Wjj6piCy6rMFIa8S+ZffK2Dl1bekJTyWIGLzJOEocjpU3fDmPWMgat7o3y9XDFaCIu8ZZ0mv9OeadrwQi+Kr5/dRVtlfjRKIcSi1tFfOPXKIZxI3mihiA7dQCfyCba/w=
m3MHDDl70AlLfiuYIYpWWeko6ACkmgGJ9m1eLHEbXeLgc4mMsNZXAyOpl0f7KVo4dSGYKtT3vpPw5IEJIFd7Er/iVihvRHINvwYHvnmGYZHNLjcQKft/2hJ4GZpyaZFfP3fM8x59v/piirAbArdET5LaU/UppaX5OOpW93Dz9v8=
THjhWJVWf1/LonuDavHA34De3NZLDJOhFFTN0gTiolgG3vdcDcLuLBgWWdiC0e93caxxRDLPPwc/ylHPi7zrL+zei6jf0aj1vw0yMDLEyT8OPKJOjhuFcVWCScBkTbTKnLpOm9exGaUjyEBQrIUDgmy/Q/TKVzy3fuBN3LPDYQA=
RqRehH3szQtwwjYPqKnkur/yAqb2vZmrQ11gLe94MSO94bazoSKG7otLKIX0sZJ4TAfJjGwz4ASXK7E4y/PCa8KN014SmNuBUiwsImcYyajXj9lCqLuw/+uOFcL5MkWUZMDVeo7MIFpPOKQh22CU3ThiNGMABXsnEPW4DaVStFM=
Xr/3/XNYFbFuy64hKkbx4ieXTQ6ZKbSxwLzLDPIoyCJcNlNGfH9tRAUwOZmEJuaApV3f2Wu8BB5wfqBatSX3ziASk8Fhn3K41HoYBj7yOosNyPIW8qWbajSuqgE9dxlWaYigiNhGfINYZrOXIp+gsU/YuQTzBChLh4S++5Yzx/8=
qo1pTeW1nfzoHY4OuftH3wU7zUCK8/q1RQqHHzlbdKmlm6x3/DxeoA0rVw3M7p2z1efNtr84oA7U19dilHVYiIU40Y5kQjtmQlXcv4KhaRQjHd25FmOiV1zZ9BzzNoOxI2/jabv75uhF+mXjTe31FZGMwrua2zla+xac2p/433k=
tJUboW3FbAf01tvx0uSMfOvgqA/XbZQWxvc6ac9TrBP3LmLoKGAPoPH3hfXZejFpfaMbRsvA9L80iXweJIB+jU03QMVaPQE7iIiC3/5fNobKBzaNI5lOj482nOqdB/9RyWGYrC/27N6LsS8N7Qd2RTXsCu5SkvjAYxShzPISwjo=
G0R6Th6bkr7qIj5ST4wr1zOqfRUaSddx1gTM3HqZtSzuJLGTKXOFHdDN5XUoPX/oAjsp52LBictSMiQXpftSYnxEzQp2Vnejb03vVQh/zcBwXpoXxMa+/fuR6lsFM46T7XMmFdM0xwh3TOF1IPSgG6cEnmH5dkJAzhK57BaL3dQ=
yk/SwbbbDMBTMtRDfxUim1cWtpWaU0Yer2ZR4alvVPbm0LItWYmZNsFyo9h5HlUMnTxaD3YnQEYMYrhIJRTcqE1bD2pYa7dzXqcThg0RhoIzNRBEMX1LxYAozmVtC8yNXbtxwN93FOw71hXBa5zNl9OFCvXG9RvLbbOqEulx/+g=
AxAefROBme+WEaGgA9efGvMsJb0HbqAqtyLgjESBTDQ16p1pONgSf1MB5zYc/4Fiejul9ru80sB+YSDhPct4KxvvQNfA3mXDqKvoqUZb23hzsv/ShjPW93J9AUr6rYvkjMwCdF0dClY15tEFCg9e5Rcl5gwV9m5O9cGjEVdF/p8=
WHlUNIHH+4RoA2LExm4faMavz2QEkt4mEOE+IIKBmNPEj4F4L+DP8/Op7nT19wALBNZkSsH9PEYUZOCdC+lkn8T3j27ErNHBqMnCOdjqPie1qRor6TBglT4vLDTQhPW8fMm7NRXmn8KanZKflCGeZzuMqo8OhBBphqtXww05jKg=
iXHcJMgoqXfTAxALlyTd3QwdPEoiW9aa1Xb/h/iE3xQ0tjcc2LGNvNufoT9gAjquLdaWRMeNtc+kns0ViD8RaEJ7xLfk4pCGBns/G0KZ2wUnkESKfSQwWAljAP19PF12q0rqIGwDz1bzn2ibQZpiZktrK9TAKx96dlzlmHIrs1Y=
l4GzYb0BKTaC4ZPjEAZfRdu6rDtCNywXTqmvL9TGxSEpBPFSLAXLOC7Ea2uYthMzTCHto+1ZmNregiyJqDIff6sAE0GpKDQsE0lZIXMQYbxHE2AhIjRC/C7uJtFCuVptTGNV/+CsfmesaI35IUrGLi5EmqdQCMu7sDNqIb1ax+A=
mo8gQwe1gY8ftg+S52tAlIPbCNNqA0pU2wlafPLLI9nBhKehN0MoBVSPfgrLH6iv2Yaqwgh/1CC5gB1biJT5POyaMXyqr3GPvzYZNvfx+xqfuTT1TGabfbLGsYmIH1KEuMGioANQ0nITOm9zypXNiyF+JAHn6OuHTXSBjQdrQ0g=
W6KFCwGusiMqnRoE/QJhNTJAvOWhTIEwsKOYXPa+3wPgPJUTt/Q6NeTDnn1Js0H1yAbcE6y7pWu2XiD2Ns3P2VV8RRAdxMhDEfOOSyRSGTSmiecvnf1C13000O29kZFd886JQnuZVwLEN5izpeamsNaPkSkotAFyjkx/XqC0Blo=
dm+uSZPsAqoliIcGPOYsYHuYrXxmOtC2BB7irLVcrIq4h6c2Uamdk2VgUS8D/GQcKXYz3MSHC6Xy3cfJSPynVhu6IH+rcTpqLsKa3jDL2SVLq61g6o7zM6yIqUjr2zaa44icTUITvLen03wiIdo7kOVdOFP/7NF8JMEnDoQyrz8=
JRUVhEGqypE3zOzpvr3i9Y/wiCe6EzQW/LZNSXuCWb8HBs65SeUuk6mzxpFfs+qWGe6n36lc60UgHBRt0XfWof3QcM23J+qVJgUk3FsN74XaOU8GiF6R3mXT2jfOLi1GqisnMIKU3VjtMKTHLlU5R8wo4/uQXDVCkx9+NQ3bXRU=
fImcPXG1rpk/x+h5gt6BZ0TbqcHSsxI/SUNzOgTBpCNt1XMJ4RYBxECH+Jdq8eCzG8+fQ5UDMPfmggERrs6eFEemXs5avqNifr7djPN6LqI+ZK886/ZFF0vWiJN9oDtIAKWDqzTcgcPQPzAw+UKB0F/7kWHanC3ATShzTbwN9Yk=
yKrN6alSDcefGIdsG1vX71Rbrm8aadBrF3a0pqBwd38+l6aLapnmp8q1b6rqpo22J1XXc9kcBLO5758Ekgh/f1+37Vn1dc6cQBkiSiobh45u6B5OIr+dyqNmdHzT8he41nztj3P8g10VXFVbi8H3/yE+66iw5/+3VzxJk3Cd9hg=
D/FYzU44sN8DPI2vUTfVO3TUf6r88wJp9IUry7zEEM8qKgyhvGGez3nnE8GVcAtXv4Z7yd3xrzprLy7E862qhcvIxQbl7MSGJ+RM/zzkOcFITkhHAFfGIItiFcqfkSt809z2xsZFVb0DcmX5CE0DIXnJDngMSvk6O67yfYiOf/I=
AGhtDyPpMhXCrA7NQ4nzz9SFUS45lYA47eZqS7LSXJJLZLzxsy2dv1pRKA0yDtmMgtmJzC1jOXOciwsBjVnwk8x1pkwCDYZK2P8sEQziSRrKiWUV4ejmhFQLHi2KTxhN2aWrZyDBCcpfJKrAQ5U2/kRtuGAGqLviV5TiT47H9L0=
ZJ9Tu81b51BwHryx6j1CxM8rNkrXvRUuQX0NyiL6nIqf3PPZ42ZPvqGpoYHta2g+pGWXnACbgpEayzOfgoyp4Gsu9LjgQTDt3i/NztPU6SdfUqdOY+at75QFOWljHwgSYpsUMk/6XADwdrDGzi/Nuus9WJB8c/kU5b+KoLtXYo0=
abhXXK4mDd4NNKIM2VTeG9fu17FxS+Dn76gbz7kbKVzsEVWC229IioiFQK7RcWKowOMuA8g1iVWpm0n7TByqDpXEPMJ7ZKWvbu60qpV1LIvjeq0QjT/a/EcD0e6A2WLKLRsvN8hQZsGM2gPHxYd1GP0INLIgC1T+5Yq9pN7wLk0=
P11J6udCYOjOv6Q1UDg3VD98jKiUAAdd4IG+xrkAfW2vsEhYVidOqbxnyDL7Wufe4qeq7ZB+WpSVATY1PTEe3gP94Q/pJQnDZAhMArbOLOVvOWGwnS4pw5LRUbhFIZ6sGYVmfgSpjLIAlgA26XlgcUai0dDqo6xUAu6z43XBHYU=
Zl9vq/siTRaKMYlIuxlS6chHm2TMLPtn1qfkckV4Lp5TqEqC1ExUEHTE2xV4yVS0t3aeqNM7Do3olUM+p2apg/n09t4hdTTGWhOdzzc41n1h2+b5HvNLhLjoQ1j85RbJLm0N1j4vBbZFwWRsSWQYcpBKi5P22xdQMprTREHv4qo=
BbBKeNNKWMbm4Q/BAXZOysO7AKIVaj7BYNsUq5xlS6t/Bt5dkFdq6Dc50yyaE2Ak5QydxtUUk+fn2p6ubxvUW+xFFjHpoxkgUyGeWGHoV6Uui8McujQ4q5UIzEfe6Bk0xCqQk8PEjkmfWMZoqicQtNizvn+IMFghKnrvfVGmEyg=
OaDJaD+PAHode327vBGK72ydrQckfxX2KRdOUdQzDqmM3k7vPOcOHx4Zr8CN2Mk21JWDEre0RsPZTyUzGo0CsECJG1d+1riKyrkvHdnBtcMuY+WLSgViZoeckt3UmFl3lvIzq1A0FaiXhxuSb9Yl7hq4tjvRQHKvicpmz1oroRo=
k0b5zp2cgDDwb65XYJg9RV4i5wITRAjHIh/qqsZ/3rdSPUKN3gBC0DT230lrExe0orsUxFkPz9QZF5qDmhfwoxrmHzcs33C1v/xagRs5duD4f+IKwrFWS7SBOFrpiRixB5zCscqSaCaA3CnfRHTDh+5q4zkhZDHMdG7yxVEdPOE=
NjPizymf6RTEF5oK4lIYuXpCP3MNiOEEO16f/2m5Jaf4PyZvaRKMHMGVyHKPvcrv6Eewqn1Uz/rM5z4W2fwDye1K9KbvPkE8zmiK9nuhoQCJd/DOqr6+lv21hb49TDeaawQjY7RljQUp961GVcWq1QKSoJx1MQ9pkBRvq+Q81RI=
w1LxsQBFZUAK0zLEuRAsOt7Z78whcRwSI99+pZ6GB8xxnwlKiU+4VuBfbvwqya+NbjtxcO/83+rcYutFqxln2f2lpFP+7bOoC7e8D+MTy+dBcMU/27bxlCa87cSMMrti9SznSl1M8lhlyDKfLXNyIpVYdw8vh61cTJGAOROz3wo=
lOBViU13GFwjsLfGhQcxQV/9Y+KIfYNaSseyvkFFiBGX8qFoUiCOeC2aaJNC7psmyMsf3jYUyqvykFld8bttvLx9b7pxUf1mnggxBZudO1dGM4vRepiwxLvGrfpSM0ap4Atbiqq9fw7YPGLGC5HUyqbvC3/4y484USAnDN8x9Z8=
vwaZq72dUV9zOFnxML8cNKYKYWBDU3lm1uD4XIAjVndC2s2tMcaDZaIlQbM+7ZV07r6CJcwm7555J+VyNLEWfGzUy+59PYvDwKm5zTwJb+bG83UdP+jZTCmXcn0I9UTCZi8WB/vC0ZB7Mg3LirazAHo2gmbp+Wt/2bB2fplRKQ8=
TTUEEl2Nos08ZCq+rVRg+r2z6Tod00ftr99h8LUKB5wE0FVB7VdsRKMs34PuVbZr/ZUX+tI++Ik1b7+xchs6snw6OCJBChks//CYfDCmJzM0YcDNLOspf9LOoMv5uwKpmC/OCdT9qdXJnglgTO+wUtvdyWhdjIBQfgs7Gb+Wgyg=
qUAds0WwNObXRGi8WD+0rqxpF09/n0TsobVj3XAHuDDP7+Kve+JljBeUQ2hgHspJ8dDxM1QwdHave9NE55+cjkT7MdXA4fyRuWbyrtD/aBvtToeel91SYFisPKmPGr8pzRmWD01eWrIT50YMpO9WZt3UbTdXU1Z1B8sZI1Ti/w4=
BoD0O2IJhb4pop7g1U5JgQYvib4egk/afGXVe+Al+ebjovxkiK4DAkEzsju2oJ2t2GCFemPK+ajmDnpYc7kkfydenyX5nYJ08GnAReKSvdQoXnW055gYysARaVdb++2GY7woUzVXhaTQ9yyH3XKDR9To6sxnXBMkTcKtCUxZpk0=
yE0HArghFZTH8idr+mgvb0HZEGFwKMM+Q4JNqii37Ku1Wagq8+rgcAriNnqP5Te34JtTzuIfrEE/d/4N/klFNKOdohSlghQAc2oM+xGpxmdc8Mjro5vw/PM3TyaS+1lhDUBL7fzE5PUrd81KQkdMRL68ju5jvtW0tXE8oFur1MQ=
1HLgz0v0ZtlY6U2ulZlfz+GJWLCo/HfgR3xxeTSUec/+h/19Sv5BLdZvmaPzNJb+KduyRjevXOTVa0zmejwkaKUfCn9Il4BsmsfRilpQvWH3yRCPbLW5VfvBcDdODWOcq0ZVP5Q6FIzR3bt486m0k7piuXbxzsfbjFO/0SnQ5Ws=
eP1qzAGaX+whzNG1VC8pozrSlY8eDi2Q6jX5CdzpsDt6vGM70bYn06JKYUfOXTHuuv+JCmR7O5V0E/pp7U2lsH05aUlpwt3mSms/LLV67N+Pc+04G2Xa+add5FMRSXjdWHKRnlYVncdmFFTbeAJXzgpupI0hxfw83ss4SGLgM90=
jPHQ2IMT7M4QJ7JMxc8Elog7pKktKWV9vbJnObMnNFcRS9RfmVsg4zc+WjOlyv6GJJFhyGKrgx7t/BS1u8U8aYxf1Xrv1upDYmr4Zq6RRzCUYfG7KbsHdc68UeaZ5qlCZ3JHVlOcG8BoJS0CKydYC3n0UWc1DJwraVP+Os7qqGQ=
mytDlNP7hbKK2wF5YZqE2H2LkDFmNSxSX81azVKUbx2OnFBGcfmEvG/n652taoIXUC4iZjSk1BhJZLngTURibsKadtEQic+0PVUAKe23vsQl+ZcONFSQPQOiZ8hMkLVQCISRcdySrRfy8zKvqswLEadVbiUd+s8PZBgIs67dABg=
kBvUij1HgFiYm1fItzuacS5gXUNfX9ds1FO/1kyx6YUXIvpDd01TOf9yQEWnECxgjG7y+gx8HyUfhQ0C2V1xJZVfbhN9fHUKMF12wz/gsZoGZYd6dw1xHjAM7KIrbQvrkGBO2BA9mhXr/Op1chnvZCc1PRKcxCmeqwkZBeQ0R7Y=
U9glRuuyp+V/5FIg7X747qv7AjxZWIRS8YzDP97qO6kyfq0qVd4Zd72nJ2OQIV0txQ3s2XhOSIo8+AHh5KDRioUE+YcwZIngwmn/RDXT/pPyHsno8fcVGkgkQjBjlkHZJLVX9iWjoiTlAVQMIRFJdyVz3Y8csXN2P5NfBCOy9T4=
ZM9kGGvt0LxHq4xkxdjJOyAgm7JIIK9f2914ZupcE8C/KKJpSapH9wkhopkx5fKXU71QEsxlvuz1qfcf3o/6j50LMOK0QVq6UWGuBMtI5+L41jQB1pp6GWIvRJ5ivdbefZIMXbJKq/WogObTblHtBmaNmUabu4Uj/oY/AR0xRZc=
aOcgVUQIjurkVM2tHUar71dYawX/+KCR2/ouk28m/cepBBhEXBg696DaW9lCNhkcG1EQQyMUCN9Qx0wfkfJ35jScTV50t8AsbKPb4rqirXS92e0CXkWtKcgmvGQevm+QKE5UnpqWeok8a9Zf19TnwQNhkdtUraNZ9OVWpCUao0o=
eFdNn6KONe5y2QkscPoleC86h208rsMFqFkRVCRkuwZ2uyKJb7Xs9muG3LRyXTS5IsqczXMqfdbM1qFq22K1XUy8lVbLLIE+R2eYhHHywdkB5+AmAieYBHeQb9uL7HXos4KGr59tdNrTYn9vssKhhQwIm9cTfnBdlYMqFCPv/I0=
lbf+WVBokE761PD8AU39hxjUrtkniBHB8e14VX2eBAlmAQJjUrHDSNHMahyZTNyHhhkD7MLcPeFc1uQS20AKc6yMq5wlM9pfBJ17oa7Zx+mrJID4/tY+do/MUhccGxI/fm5IlV3EZdsSNhDlwiy9oLnlnkuEEaGo8hzz4wMfU9A=
ZeZvLyLikVwhaNYpKbda7zNNVisO+XoPIX1lkhALGEkmTpuPIUshcnfD3LMO0yhnO5IjZgax8Us86l5D4A9l8Qnbde2LqvX9ig6YGkGD1neiKe0Z7J68To4q1JvfWq/UkAXXbrarfJ4Mwk9gzQCKy+1drj1yFZMlv79PUiL1Vy8=
mA4yWprM5zfF9MclG16piv6c7oVVBYTqeYF2DzdLIxC9BemcngQDHEJZiqMOnAQSeVcckFMCGDjVwMjGPcgguDW6NjySjxYiBQJY2gdRnCaHk3QGSm/8REASjXSGVn9UPKFiSh0Rzeg/WqeVBnlcGnjldZOvP9Q9LZG+6Ub8Jdc=
uVo/AjrwuN5DwnvuK9/+7BBQOT1phQ0n9+UNdhNkKpUY1vibc4NlCf7JdlrVxE32Jq11ZWB1yEjOD/ttLjTEMRtFoEEC+zED/a5fGYNrtVefiSfCA2qa5Xr4aGSFTlpPbGmZwWvWya3AM3bizGd1QozKnQzn0su3+u5Ow4Jq/VM=
s9Be/UMVrFBEpbRYEDAohLxzCK4/0cU16iaRSDyOAWVRakFm6sXJyF0oGshLOp8zPWBW+4Gjz5Kx21tJWPdyGMtoHkMGXXiA+YT88fXmY2/vT8Yb95LDHXWXxZu2djVqU9XVnitjKXJCikFmacqS4ikzAjj1ko2hK3W0IxVesPg=
Wf2JC1xH2nkvQBRnFD8uByOTR3uXBv8jpUlw1r5JgiyY9ROb6dQHW48C+nJk7OphkfmY/ikERlD+cd82aLseLztKtZk9r5HX33ka7ILAEsSGqu71Dvne1tkKUEfin2hoQptI7T6xyBZd5VF2KeQ/z5ki9sRoGTWclH2oXKGxf+M=
qSiDCCVktJo+EOfClZRwGYAgyDML5B8/xQZMLhIVTt+slItU1Q4Zn5rdW63CehDauCyfLL8H7TDwGxkMXtshZCP4Ei1UsARHXMa9nX1fQ48jFGaLp4zrG+wY0sRHoK2lC2uNrRvxYlw0V6yEen7JizAqRAd3Wr7kyqKzkWS5uHA=
KPiIQy8jhbYXMAwLl3/yO+bthebXkaQsIZhqybC+6tNEomOJdG0LWG/x9vAi11+lDYf2E02be/1DFSL6VtpYrZMMpRuYEwUACZBRBrO5W5F/cjckfd2Eji41HMLm1l2slYr8+84TqjgdK6PWFR74POkN6J+GQ/+JUJ+0JCIPEcE=
OeEW0aV5R+7xwIyv/ZcBg9AmywltQReSV+NBhWbH0p5PJ3DS7wKTJ8OTOcePdX/GU1X/bM4jXx3tFTu6L9Bl0Zm+qE4XYuX7z56S9ZSfldUAjYlDq1o7NKIkSx3fCW/QRwsNbWMPyrql8W6aCtlsl0ty0uXg9g4LQfglXRVSnz8=
aJmvlfhbSsaSDfMDezk7JmFnELilG23JEuULDL6AJdTnzvPHsD27pfvOvpqqiIWp+sRZVRm/8Ba6Otiggt9tiSmieN6atbB94yH3Zxz06JEYJkaA6d2bo/WAyzWKJm53CNZa5USOhiFnLoLXLETvPwQSQv7NwmP8aM2q1BCVZxE=
CT7hzyHJ/Z0pRhHfWAOb3fRlOXYhMjybXRT1P3ZAWei9MjHAjr73T/ITugEnCZOSkRP4SU4XGh0JioNOHhLkvPTzoEJlLUV61TlNaupeeE8BGWH2rc8lR4RAkxojfNYbOlnbyEKl84Ivzn9Z5eofsFUXxGWdYpb3mHYJBBLjwXc=
A6Rgap32yZ72nlBV+IL3PxbJkp/q0hh6b7eLCFf74j4+TII1r1N8qOBzNNhws3JVA2u5Ip55vXxy7F4nMpo63y/Hn2kC2m6PVqwK7lJ/Mrd21gsf4Vif/DchRY+0tr6rzoaxRdB39stExfxE2grwj/LhYVDwqxndlIAIzzjzcSs=
tQhbmNWDUw6ltTnpQH3IjnjnUaEDhnMUEhF5UGnwpXt8JqRQsIyzKMcPY1P29VkYxrpGYv70N5TYETFTcSX0R3Xo2DjH3X24LGquoqGasTMM24UJHkaSzSZphSUZwzxUdz1eTP8zuvRuEWItuNOwwUDF7xfCG319071mvOHJG2o=
evh19SHEXLqxWnWyxyWtAUxhocPKj6xsvAN5a56FGrqi5lkvP4WdPKPQZCbGW4eStb4nrrS83w/fkpNV5kR6su1ws7dkqU5fehQoKCzRoWxRydwbo6QVQ8nEEZF57VB7P5hFAsgfX1U96VAFaBkhca7Jda6Ry1+6/4+54Cb1UuY=
JJEmpsqzetaOWvY2Tv47sA9DnS8lch00x+D+1hwJ5oEjyDU2VmlqchodjLFuBcTWrctApKnCpPZaPHv5RZvs0eqmo/hvBRbOAH57YHRtJPvOZCKfNbepaec/6RMoW2Acse9e/rVDdaRQpkB8xuPO5Ul2lorhbiXTQGs5i0GKqB4=
FXK9TgRvX1kktwc1arzoMbEh5C651nITn55iOo2huhQWfGw7fXUAv8Eudtx1t9E43eAyH6MLgNYUr1pyw8Ko2f9RWPXHJqOUNh34Q5EPLgZhnolHCRehc+qtDqlBUL5jIF5Ifr50GmhaydQeCa8KIFgQiTBrXBX9LIK1bpz2AFg=
q5T5D44IPrfdSvKhi6Vl3Wp8Snf2FLxEoZ+ovMc5dGAxtNUgyZU2zfVaYqVJA1tMyuZrlm6PN+r5DbtR/voLxi6Lv67XOS3w+AAhj+89sviNXurpiyBtWYhjbdzpJoHpZ03HQMBDk7tdsenWJDLYkRmvh2HgS8hMASzqkJ3DAUg=
PWQXwYmsI6CyK17JAdHbPVRzlyVJ+dI2y0IYKrGBLV90pOFjvIq7DXI2Rv5vzQhD0KaSpX11wxXiwPf/nE+EImWa21bUJMRbKpk2PklJlGfzbTVuB+TGNru/F1XBCP50GJsYSzZBl90Lq6q96xaRaOX5hM8ZL4RdTprpVJJsQuc=
N3jtIgvOgy7EfJt6ZQJ7ex9NbE/03Gy3wO8dgl23hyro88jAnqNmdd4muNYLC/+BAgUgtZoIZOp+Xb/84yGPaxRvUPCRTCJoQZ55xbhXbBuU5ugMaRda2PCA/ywkyIIm39OiQsE/ox8+W4bXl1BQjAYpzvQEd1qdrB59JEW7pWo=
b7qqcWBnem54u4ADBJtwkXnH1HfY8vd2fpYw1ZgApcn8IFhXyC/kifmR2rrOua3dhKmduL3s/aEox0r2vCoxufpMEtn3rey0goU2mMBefzZPUVw1WQmWeoxHDHdBB4gDHQwM4qY5e1zekDYRrYMstY4ilQ61New0SZEgcjcCqgU=
Zr0uix2eBIG3ztHNhN/El/H6yXXkEZ1DfbBVRoc/Wte6IaBeQiW5hw/hvqHBKZzyB5xb2X/m7TNKWlWnJiSSZOUyqQ7iJH2d916vr+iHPOyPJTx8MAIJAZhOfBWlAzcOtJZITPSqwnP5mzS0L/WgzBdjEkFh88K13C1/2D63F2U=
GfbgnpEKoHuDC7djPNd5KmvquzebcZYB/QB06pwPwv43Pc37jGObgtJsP2rpv7F6GDmXV9Zq9zPseZ4Gb6zFsxPxpuD8OZtkpPxdUr2dlXi2w6A+ExdiZ9TABm06Ur8PwJiUuga0jdVHskvm7/mk6VBj/FinKOjMTaJ6R8bU7Cs=
eAIkk/ot3xJQHOweOJZUK7EFFdJ143ruG3URltd7iYIg2ftUKgT6WL1hcHwFvbICdaa/Q0YTTKs4435sRU0p9a9nnwnqfD5JCLHQl3Jxg+DiJ6CGRnFi9MZClE7pryxD3u5NnubLyufM3+PiR0SCbw4AQqtChNn5SaG7EQ/XbE4=
VkTGtoBDjiFByIWZ3G26aAbcWiD8Py+QU4km1UETcQwalA6LxMuclPnzJ2s64DWGmvDlTLFJYR81JIur3lh+ema3PTU5TNaKKEzA13zf39O+FSO2u8i6vPXoWSDv2kxkWheincZy20wqKAIwymGLb77Xku0rOY3qi7Wf5vIH7GY=
OhSc4TcQ9F48YzvIs0fWMzY47z8FKGPtw+N0OOLIaFso9ZkqgHWk/MfmVri7NSDn7w0Zy0vLL5xVV+IVlMGRdYDYYWraQU4cWjdxlQB6BqUlbMTNDXTaykINvZ5ElQUJeUDI8PIUDXVWY+YnTl5yRho828HICIOrSK4AgeyHWEg=
XrzUSEuGVTs3+LHMF9azdlDqLsj6rCOnmitlAv5ZEFfC9zEhlpjE9H0YGwLLerCVHiK1v6FzUooL9uWzp5JkQ4mnpJOa2IbgR6iR8e1OoCTfvQJWsBDVojVV0Z86//ZCXYRfioaej7f6u2yQuie1n3Zg56YsuCVOmnONKNb/ohw=
AHOakQhKRa/psbuwNnYDgOn+7jaEl9tgOJiNRxTRYIQJ/FBz5+9oS/2n2vYjC7+f1D4A6Ie/7ZU6u5eQutKRBqz7pLzeqguwjHVda39BvklMKqFMTzt+hTt8tLsWaNReyTPeoMM34q76zFTViuhVugbnilkCoJGWT0sdq3aqheo=
CTVviIdGlZJlnWvRTx4JebZ2ncADrpC+O0c1KwSzkO9qEH0yV6C5s3TD/4knOpGXUfPyI3TkSxXn/BIeF5hNOvymBRcHJER8JxfWdmmrUc+fC3Y32rZ1Ygv3ruoYEkiK9NSYlbXNtGMojlyjBIePyYeznQy4vb28GJhphrmjKI0=
i+y9aarjOcsO40wIAFUuIIuzNRg8rCAN/Z49ykCqGHrKhCV7qk2zPmZGvOryUSn8zecGQAf/DO2FyMriwXh0pxx1qLVhWGxRSwo6ApeX5rs/HY1irNS/tKhr+CPl5VlEMktYcAZP97E/55dg9cPG/TLCgoKB20Owe/22bi7VFwk=
HpCOMvC4xYPHk96Hhx6s3RQB6lVbXVmqm9KiVe1OiQ2BlgJTMjQDvwVI7ZehmdDp/npIp5GnAULU0k3Mjz8mvSgPYWODi2PqHD8JI48eNCvXmh/mlsrZFKV9LikaGFMiQkKrCZITK7LCr+Os3NZQ4FX7A0RB1Upyy+ACb1nBoCA=
PoheCwZC+ja7dxMYXqdME9mJBDqdN/9Do7HsbJGeol142HeyViJRxQaTkP2CpADOKeWF96lzswcNb7CsqIhaFPADwFWkjZSDKsZOK/+yplSZL91sILsesESYrJoSU9UOcaPzVBaCKLyXPSSJsx0jYwZWZmUwRBRMt0Prs+M0yPs=
xh4XbEwN5UJzkybBa0Jk6YyF2paNo5hcOmjPWiauX5ekyFP+WUIPorN1BOJIpm9IyQLDLTCbmMZ37vHT+tYYRG7kziJxuhu3dqWcdwJFH85toT8lUxVT1Ga9fOOU+EMmleO19TGZpa/XQz1dUh5DB+6M7fVeVZ1sGxYBuQRVynw=
XwAu8gawlL/DLB9ZP2xgHURLKxTTox21JOQH4wvWcqRJCzmnHPUBY1TogKbh8cRjSrVgVRQTAB3N73nPBpPBs/T+84rC25c/IYvD4s4TJ7SEVI9/JtgJuMeBTQBwWT7/NTuWqOoXEr5lG3qdDY4xXrkqzajYNDYckNs114Qc/CQ=
p6nTZ93bkNYd3UaVzFCH3p+vYMQX/4fQnv1B757WLE8dVP/DJUkWNihy3TP2RN4wHlHYPXWMvV5ji+AqFAyELOpoVk4dqk0z9KlmOc3h7b6gdYHFv8vyjqA5dsPLwYV56nudbn0aLst4HTEJkLaClbM+6qKyEOLNlu3+Dtvw5Cw=
SAfH9gO98lW2zUe/eV4JSzSOaZfq6t0obQ+1TSg7Jjx0IPlaipKDyICo3TmaJJHWC7UBBtAxQumRkVcpF2lnjaRkh8ICDd3dzsJIZuO3kACJDXUBTK1Fp2tlu8H/4HsHBCrG55/qoG29TLLUlrFWhhhgeo5yFqxswTG96Zshbpw=
awQn0gA2gbSyNdAbhITvwN8NhiTWv0kHwjuMRAMxy4WJAGDvE02Md1nIMeUmj4Xh4SzO37jA43SUqUw/2XLrot5PoKJhAfPzToVgORBkKNn5OrUI9m616MvYnr2IZ9xsv8N54pA6ckga0PPjx25qRXEkx1t0N3akrQPJY8Lkly0=
eztuypxQrBN64xKrvBkDjtkXZ2NBIt/JLNsdpx5jPI/8igjue4PdHcBfKvtb+k1m26qEycSB0Dzvio2V6jQnvx7rlVqE7ppXosZuxsCJgT5sVyroYeYjezl/I5ITeH9MrtxU5gqy8IfrcwyeFxA61F3RUWZl1W/K38rotCEIm7k=
oUIjrst7tmfdgU/N+GIsimVS42H7NBHFybqW6mLLpTScwY9Ui5WDnbJY9EvEFLxHrFhtMkFLRD+akPhV8pIY8PmjbbynsfkPE/W4Wsa9/wUpHWe1QVHCrW5MWaQQJge9m3wFGX2gugFPDbFCyxfpCo5jLl8C3AO1cjvqDVCsOSo=
yFfA8IUexnaWL05s+AuLG81vsCwuSUjYQiIQKKBi+/wHeP1fu/rggN2u5jr2g8isLY32ehOMwGDrBpH5tUY/4W+05b1/eqmYXYCedmsV/590A3uyjusn8v09j3s0VnA0uRg7cAB7wOGCMgwKEcKIr9Cq1qGlMShOYrmNrMPL9sI=
sCup3O00oE8gCM1lVA1M4j91+7X+ITD8AxF28Xr9Q8/at2t/jzR1KxV30gzdWHUQLuzrEkqjHb68iq6660GKo0m5EpVjaRO3rwMJ/9BkqyOKgtpDYvWbT70w9eYHQM/ZTtSK+8m0F8eu9aDyuwbAtt5I/+SW6rV3nEuj4FEcbWg=
q61Qa64sqrpvZ7FwpAmSnFcGJTn099kkicCayfIJ0FaJretrxP9f986cPIIo6oFH6910zpzVFeADZsCFAT7naUPeb8Q6Ff9G59E0ndeMhPIMNqFNBQ+BxJSET1p12Cmfc7t+N7vXpoPpCU4Y+Tn3/Dmu2WqFuTR9ocZmZRH9E6Y=
Fcw4hj58OyTFmv3mo6746KO7KS6yqh6Z9lIm2/Ka8VIz6qLZvM/+x6iD3UdQwsIIq3DmGDBHThWV00qDIrCaXq5uG6lzKOyApM+WcMn4S5xOyX7Z8vW2mITt3HWGLZgYqNT+l2VIf/4rqUJo9CEH31inbybOhnGB82IjNh8qSZM=
uIVuQBcStvMHPTiyQZyPKojB5hKi37eUPdmDYOlUGFlz91JfmKQ1fKWk0LO/KTbyTOUYjB/y+SqfxyyCf5etfU/20r12PxScVQcQCmwUJbvUovr7wORMG1OMobd6nGOOcwcRGdFUn2v9Br2DbQmwtWacwQI2bmNo7wsWKUqS+Lg=
PcjnqMF1bm2IGYiiB6KHoNNWitar0qKOUL961dgBlkIstbNr/max9KBCI7zlPEWXK5hANX+KChcalL5fpgBMfkXlLzE9WUvVv/s8Ma2Sj1mvDXdGgkAbhHAaek+CXMdpikZcqL6m6rEc3zF4VT5aNe2Y+j9awpclWB7rxvwVPK0=
w5zLWXMpqbB1EInyjnjR2q2pLE9A9IP20toOlJ0MZnTXAMhwlNY+TptAOCJNfGEZFT1s6lepHH0dGZY+oVwLktEBLaNGACjUFPXqjHshu8NllJUwVIiKLGv5wYynVeZYokVZTxELGCvzHmM5q3xH9Us+FLUl4Q8s4KjFml7Z8uA=
WxQONNJr/otSln+XZkNHvvAtHWy4/eYA4bBa1mxdhWIufxPTOIaBU4FH8sfdRcKYHwiUeD4UZkJk2stZujqV63boQhSvDAUm0vyzkc9qjbfU7JlpgsEJczRAnoGwmtK00hQeISTAzMK2nIZ35RoKvhr00JWbBWtT3t/3HcIv0oA=
YT7Ir+qxliEBYMZ8Q9WvvozC0U/KeXaJvmq2DaEKzpAeN7EIE4L7lKi31U/1df1EV3ZhaXhjZvuWEKBpEn9ThPgw0K9TQ1lywCDYkYvXS4/lSxbQR5y2zTUjpTwTwTVf+26aTJOFcMZwpmFYaCp5qb1D0ZnXx3OIhPHdK/SrbAA=
ibuOkcvIMIg4btZ2qI51qUPh92O2v9AN1TfQvyTuRYHtjy+mjYCqIZO0x64SfiWAs8geesDfDZNuT+JkgOulPsn49biQ9sFJwZPiuzPWt+A8BcFLZpfAlTvMNPJnZhI3MRf1CHQOI5SrjaPnGe7A5MskEU+K/mbFoZ6f9ntVLYc=
W4qB0a7khpuaIFy/o+LxcK6k4I+F7cP4pScW12+at24JLQjG3jfdD0sgaV+/zUWTnfa79OfWahbyKKYZ4J8pzT0o+OfPHfdou3GpHeryKRlEIxlWwuC77d9hFmSJHWjyT2bZUiTWKuQ75d40J/jGUMwmmquvrNwpehhC00taCGI=
kmxo/46ojlc1AQ898tzBaBT1mfE3Sd0obqhk6xpCEQx7rw+ZgvC7tfP0EZGpIKFIVAh0sc0VIIayKu4JZAQXAS1wAhZXD5YExKxtkCw/p6FuUOx8z8iujRlnnjvKSi6hEuJGjFcMa0AHmENgzZUQ+zn3ZGOt52Y4T8XNP10kYqY=
cyE/EJ/PuR8BLsj9gcAhm2lu2fHkEDrdyUNTismmzDtUPQ7oqtrmW5RkK/bhO5IcxhvtuOrbVBGdX9cq+5plw7Xb+zHcQOV1quu/6F9BW0qUtSc5Wi/J+1fucB3u9ybpUIgBq7OayV2YxqQYUuDDUPH3rWmj9Uq5gd/yGrl3AOA=
cI5XM4xexuBiMZ1xZVnPXjYE++XhV1NCSmrZSRRG9QiVvYfAtvAIjhJ45f4+7d0zXIjLRgvzcsFkCBvStxI2Mr07sQS89Xk8+Iy/MiQ1VSORU9rLKRvc11yxlRu0GHLVYeNu0EiAgJgvaqO9BTSNKJ2YTNIWGBQWzDS/0+qPna4=
BDYlSSJWnneZdw+M9/xicr71JDAFFokECHoqfzUXEXaYlHjFEdRlj4tS0E6GHS+kLYore5um4y3flcee10N2Qi8U++shxlxaL4zqkHvwOOMcQFkJvcn8UFp9fwri2+WPBpSwTPkHsHlOZUOnXwD7/2xQPgoYQFSXE/5dH8Nikqo=
wei2EXQA+iv/bpA2u49v8IJoa9/2UUAyXno4UMKlhcBA0PvixHeLQfZ7vLqSSKhQpQx4McKXRygR5toCangzIlysCU5VA3C/gSo9xBL76hAXpm1TCw7n7VAuORK09rYoAOqBvqRgS7/ZTHRn7cZqio4NOt/XUS3tbkVo6MFfuCk=
gt6O7ZZnMby2EZIww5AK2iSXv0ZV1uTXtVsgW6owlYZW65JdrQmp4ljpvALVH4d112SQJZWcl7Pw0Z/tGFzeMY1BjMLjHvTDTHGoxSTgveqrACD7aMme5YLU9njVcuXbbFh2G30T8glbK5gB0+6CSxXj8J2bbUVjrLHOpmkRegc=
ei6hlUGy2zyFWtfByZHV08yw7BHldMDfmvqZkWo7lL8+30csEdIAR870Go0tz93hPCrgOpnThtencB9AjnX8+N3uhKZhmpZRsNjnIQM7IldSLMcw7mBQr83m+vxG5P6cOH3549zyj+7wOnPk8sixgcUZKLuJInKtb3yIgDdET/w=
R2+uZvbikox5cmSB16nsy3ajbkFhacL1TDcwgRCqGMe3SuJoE7l2aqDNm0agIoy/LXen0Ted7U7YmHzFfumZ5jG1pjU0MIUXbIQwgERTIcOJD4YmMuynO+kETdkvnyutA0bu4JSZ/qGA/UXVCfjZ2K2F8BHsv/Nza1oTblCzFR8=
wkkznQIm8bLiZXoa7koXE46X/dh7B3Lof6Sraq54ya13I+v0Zgs05pKPUl/7AUFL2Nsfl8qLjzKOCIqjakBTX2C/2NhEKUfD31EN42KOBiELa5R/GgiXtLMF5kuTERaneAHMtd7iOxqaxMO8WwK758RI7RnmAltjGN5rF3ytLr8=
xSATNNlL69st0hG02g2Q8Mobg3zoFYVB0xsOD5khnDmvR+4Nau2F4UOYTGYTY9rufu1NqQgToDo1DUOdPKY9XlcuSB/vTChpU0pHRxeYC2xkTS2+PChwh9pAaN2INIx9AzCtRQC5KfD3kQrv34DDQewQOwF0H3lhuUOLR+s5Dl8=
k1Y944dRgsY8jOebK1gSqVwzoPB5l3s0t7xaBnq5xLTy1YnjgcpavHeo3ttKF8U1WkEEpG8JLcIqxTVuOpAh70APjQhAlRLtFdg7oXDs5CLGoEpWg4GbvrdvFH52ibNZ7hO0TtMUgmQ/xB53j9eOr6gfV2dk7tPCwqCz/kKxhNc=
I58QgTPQGm2L1YmCE6usFp+0B0Kia6Ym7VE3O9mbZ13KL960SJvRfomklQtdSf1ntem40rzoD9+ydy9e7r9zoSgpomRA41FHWYwMxM3w39V+PPpyFlkS1QM2oM6PX1ZC/gBcY+rakQ9h1w8tT8AFt/kNNv0ynUdYYYS1ZcvZdZw=
qsKtbgmBhLDEnQvKFQdkHAbZJQjPeYHYo5ZY5IfeQQXv88EsoDzyYLxl7/nArcKrWDRsSGLTeVbe3Hngis+gnu/Mt919soc5Uc2U/hsuPUUcfcgg/ji9VcHQm8vKZFWH4IxkZOt7fA2RrifSEx/5ftwJwwO/vLWBFRmDC0rMt0U=
PYXyGt2A74uLkhxkoj2IyBL1omO5hOHS53pliLWqcfQBQ08udzJjSXxfEjJAjcIkt9hVtiedp30KAd9P6EaCa/sjXenbkVh3hkDtclhec7tbfkixjPAw/7tVjkeN/5fbgWyq8INhFBhu54UFRI2wuhQpNprfH5urO/rw8HNeCxo=
kRC3W0aSSACb+XKmo/61Yjy4hKorghmsuxUxkXJV1cvoriKl4o/FRTkE/EarxOson24lboNXQ8/he0sERY7+pgexvObye6M7nZeaV7tuVCn9gFCZL+AF4p+tWH2wMhWmZOya0o9ze/cPEnrponQLHRZTr4FzlZd0eegCfIje150=
uAQmSgXCA6yv3BcQWD+oDkzUdcv3unDsTjVYZ8LPz3B1A6prIfcJ1Wa6f7Z7BMF26UxPgF8qcDuW4vg+C2m3dHPmUU6R1nGzb//nH5bjjoYraZ1TwkMMMMbTL474Qn0L+E53QWJatmkbrEw88nuQMtfTmX4yoFtLEzGCJiZxGBU=
NCCP+Ad7meISsKgTSyj5S6klLIVvnxfRNnI6nVT0wEcd3/g6zTVRw9t3G8Hf5md7GiRVOPsBAgildnYuFu88mpl20tgzwxD50X0soRyVmAo4Tf+lg0Xd3xegi5U/I7KWjdZG4ceuX36nwTQqrD43uteruCESTCnKZoP7cnBoAOc=
PEagtO17QWLvHGDQc9YxjvlEj/4b5VZIhI8hYYmvW31oAXZv85zo0eh1VZxEK+brAcYbptNJCC+LqbK/Br5qh4v6nquIZx5kDE3i0jXh0pgoqP0IuQhcWhgqyXZsU/mp7jI6TXaQOSNuN9j92E8xrLa+3rk+pnKkjdf2qX74Glo=
lR9GAHLea3x8CwaTmoWG6DqJxcOOXDG2zlUlDxIjIGaSJdEhY7beOKeYxML0ukusCPNHx8OcrRsn7WhXfZmjnPvnr8U1ZHyVgffLgHbK4KqqpRFtrCqbas7SUM1//IKBOc88OJJTwzpBmKYNKCYIQq5NN+gg0kY+kO5+K+7ZNjk=
lxk8FLoEZQIysJ1C1uXbJ+KgUbEI+YXL/UUbA1fJtnZOV063pzvwpgxlho73jBE6ZPG912a9EoX3ePy284e1Tsx6BesVh5VkUPmiSpSSdJHVsyX4GENBE9WuEds8pRbTnGFPwokeMNDUxVmJ6sdexn2U+mQK0PPummxwRPz0pkQ=
HJ1S2fBCal69Uxjj4/j0FO5zNskv0IbO6GC2Cx10BZ0zkJGJ3dyBcT00X4xUxUJZ1Ll+p3/ATg+BxLp0nhOeZXwdHWqnokJpC30W/3XgX4dCN7HsuAsOF4NDKBwa6eStyyBCrJahWrpYEjyWHu68Oa6tAU01V3nnOjkT/gaZ9EM=
V0BE2FHBZxqNbk4s5LwJ+ok92n7xtkI06P1vvTQv43TT6isy4ldCxAixlRfQEI0h7kckLr5xImom5ZIbMWrog1m1egDli5MuHTReiLis7fmWnc9Mv6CdzmDTs8bBR1qH3nOOm1FlIDu+PZP6iGE7bKvTTgfcSeQgykknLkIoQAo=
LRwAzXKNV9iO/pKfo4NijfWHHbGggSZGUFr+amdGQY+7hhds3IGPCsfMXiwY9HtJo8EHiebWs0SHagJDloopp+B7CrYJfUb3LDxN7m8gTtlWsmkonBM3uSQs4OLJ7+E60VleYCzBOGNiGxOcAxvEJtTb5YTGL7aeKdu8Sojk3IM=
qCEDfO5A2cP6N++RIHX+TPj3mr5lBINJmvTDQwNNIUpWOmYePdYXFX77bNri614yxm72OLgFuvYz3AQ5gHiyGxKYgLUTgviRvIU5bD+YnU3O+Em4aOlQRi5EMSqYaVFDqEW4exoQ5h0kaHOA8lYB4ZWAhk8JwGnfyUnzYqfk6Ms=
GcoZBWr7s6OldrntsI51wY1qMsL15SW/bLKMunP2tkTNPON01n7xL6V+lCkZMqvnODisPOsOTCeWwxb4EIxIOLAsKQxRWHq1hKIx5FPXgkhWSeNhp/IsgmkSe+3Gp8RXkNioUPVNbvCcnaWiqjts3tQV700aLl72cLKyoVHGSlc=
Jnj6QmbAmpSWiv418rQ9Xs/MrOmGSwriHC+HzlIr/WS1eVbq/9i0I+KEdlDA5NIyorEtAIJzuV9xhbISnZclKTmcXn0KuhCGRe2HpCFhvlWRZ7zzUqq6NtKqoXBPVZ7zRfUsNy8Av9HU3KVniXLBq+vBBMDhQPh+LkXOyWcxnus=
bsQfIGx4zGAHJtf2G2/JAM7YvzLZDTf0jhEANupYH5ZfHg5dzxfHm9rfoI8/0YIFYL43MRIkJj/pITUjpgqLb9CGRG85tb9W5MmFQlYLXGZGKeOVixi5VRFW37FfgTTYT21qSKMvAub2EpxBT8zZIG3D16orLVIzHjad186NEcU=
ZZC4DrKQsso2LPB4F9sLXuAAnU5HnFZ1MzGdksyT1u43+hg0Pxt90IcVALb6iuT8RGFDDy/2js3QN1GVGQFActC1NLBCJNUglV/Fjw4O7L82I+ktfAINBw6glj1ZthYYy1rQEaDMe5YEQa63F5IbQ/t/WMUutiJybgdBWFmo88U=
ItS3b9JwWaZO5+IrIfB76dlVzmK/t22PfWMBL3D3NzPEhl/nlpUnqvVH0GEWqsDumOT0XSKKtgq7ASdMFuBokJFwVlWizywScvTCMxxJCRcYDOuMhCxFF85PO4ZTOBJ7XpqB4cxNvEYx0cfNQczCIcz8oHu1JuJnfEtecgJC6bg=
CyeFK5qTpeLR+nL61W8PPU1G1iAX9svBqnrCDQcsLCcabXTg5uyjO9SgXyaZY71EkCiSV0l5TGoqIz68SL0/E+D7rxxLM9cbHjRL3cY9RyOwc8XvrGvXYrYIqmvOBFPTUMp/m/8Zcj6v9wQZ6omwzVIZ7Ps9VX7Tcp0vnOe9AzY=
tLXodO+ownwTw7zz3+7/bvSLYP9iAmklRFZYpYz4sB3+om9kT2st6I078/ZlQq3NvD03EVw9dRQSSbDmW8SJdHjzH4aTVkqOSGP0ekxZ3f056MXjtNkfGWaam2M/8rC2lkdMdPsRcScgnZnEMDvAhDz1Yv1/5bRtEH3GUvDPrXM=
QlmJNK2pGFyuS4dEh84hn6sKCEQtJrLvGHLojxjkIAcHuw6JyF40GcleWM0YSU78LX36yNsf8gZn/b8aV7WIaLve4KU1HnYFOSRFOenijz4NTEUX1QE5Wbp10HFSFeZtnY9KwFZ5BUwE8wqwd2zoDZKw/j52MJnnf7W4xwgrpgs=
nIOtNVWAvovNZDLvFSYRJOaEogzhLrpuV/ibn/BS80raK/Q7K9UGdyajZZmxZX0fQichgMZFdd6QCVDoNkY4Zsqqn64Chy56tpEyZ/ax6rLcNbz2OW+eculPtFoPxHbzwDF4nMX+YaB+z4j0BJ/hHE3EWDwfnmmTKhs4CX5zhxk=
XnVZvrkbPEE6vK7oQxeBYegXW+H9n1Pz5kql2g01L9F1p16HTMrW29L9oUjWm5MaI9I2xJXGCsfznB1bzTqOj/NNfzVL17AhUVBHiUB/SEHYQurhFmXBhQ0y6A9Tf29pMif6apZFR7xFhvH81GGBJHg2ur3SvMvwh4mcoxnS8Aw=
Fg5SQj5ZpRGa//GU3JWTPLStbWMfVLCSQzrfhthybv/UvlF3Hl6bRSEVQ2ZzrGebBh7GZmSvdor7UpNOEwQtDtmnsOoOaB2+0MSEpeitJPaM8ou4+A7fdaN+jOwBvtAGq581ajfdBxokHTiZuZGughFXbLje29CTuifXgEqTUWY=
WcYlfnQ3G9BsgMdlQBTar9MGLczdv0GXUesVk/kI+k0r6+cMvGPYMh7CUnfsRNk8ZYFJwc9PlBB8SRgXjDtK+2yaHyvL0SKOSezuQEdAiJE9cncuUGSe/ggHvFhTTgsyX7r+EgAIFlr0KnmRyeVWI8yQKff05zcv13fepEFPim8=
HCh9w2DLyJJV8P4+xri8WzHhqlG8Z+s82/TAU27WKSmW+3JcwHZKtnr4hJN//vdv6oKGLO6CvdDYyaQ4wyUVnWSCjeyg8QGaR3ocqJuPfXKWIQzEl9he6VPJEiekaasGLq5hzf20hbV6z2JqM8XbHN6dtikkUQ7bICupbGf35Ww=
QeyhOg6KUjmqc7tt79CY7KQHhdC4WFL4KFRVl66sOPQ58nKPXjnk76H3GX9SKiBf45QUXOBzTEEXGDKKfjPhkQ4vMVGtX2PvF/ifY4Bh1xQIevhkSk4U7gzmkxnsCrdTRkjiuU6SWaR9y60llSXIW/ZP2NfGw7YBhQiV/zBdyNc=
tiRIIKCQotZUXrXxG88tpTtibMI1XD7q8Ix6iuk7Y7S6T3mJIpoGqVxQtjGEL3BKcbJpF005PgWrcdlFuY/1UYthrKcUJBUUZzvj8denYBi7zvxE8+VXHzqCv4hTfX3f3LJkT2X2ryI47vcIFs7hb+M+ZM1ADAdEeaedPE39hvE=
Q9RjUGL6XTvx3/PXmFj7yZW5uB8tBzOp/cqXsbvyVPR06CmhyRobFIxh7aVCXs19IorLv6lXK+CfR2CSyWFIVr1XXqiPqiQucsrHvsmXULI0LeVwo0Dvmjx1JHgjG13QFjaztqNcV932dEv5JPUMaYzvI0TcziYdwwqdZdATSbs=
Lwg69g6y/aEGfGSWUI36F5wCktggN6GR7Mjnv/ANZPRizjqWwAV9VlUfkSiYc6kkimmo7VwWp+GuocPRLXytH0v+QmaQCrbkeNenYTxA0JHvZJ8k2uPEw2pTiPBmLHMwZHGjMTmVA7uE1PMbXYxiLVziEOG9glzgbp3obnRVi08=
Jrnab150jy6KnHJi+vdE/xdgL4ZqY1ZRZ1ybtSb+lm6Hvcb7HFf8B5Keavw86GsdrdcPZgqlg/zbjvZJgvCHU45YbcZeVZXGx/8QBKIhhDy27RqOB/ic6Uuhns/HG/jOgGsgemL9jrt6n/8ZaDBx7f+rXTlzBK/3aII3jLdKvpE=
VuQm4Cw8vxHLf4tb+OYComePFfgdeKBHVbp8mpzYmZDGxlWRLcwHrddqNzQFgbz9/kJAm+4plFYKbViMNzHYbnpfBGu1Q8CYeP/wBaCom/YDqZFCSB/Q5Hptl3IjOSyrPO9eEqtd1wqJ67730F9b1Gl767uv1WwOjknOJwVegQ0=
pa1AKZv3USisyIX28QXhaxqHlDJcshe3DlrifVAt9lzGGpBjPCo4ABQecdRHUByenfBlsjgr49y5ozYf3mBu0WC3va8KPVTUMa2TAF1bylWyxKQTlfzJDvLL+Zh+J8LZ6N+l91+qA7Y2xNomMJlPO5IDN35PWxc1f/OcZHf83Yc=
MEfaV1ZLmGlv+89WXRLAYInP0htqJT2HVBj1N8Wy+C6XeWhC+1fYHUmRawKI7LjCJdUpYWnpYks42REWjGlsGn+18oYdjVZN1HKHXB3gAXPiDPdPc/ybbTRSkkXQamFpif09R8e3+wqOMEvMkzJa+hUUyEehi/i1dBkV8uXsnM4=
GOGD2AFFnFeEYLIYdfJB8RY1Kf8gBHv3F4IBT8uVhTsrqp4WHCG7i8w91Z2hwojyFI+Wz9yjmoEAvq2A427/ljuhYoj5HIqYiqaHb+A0VpIcO0Jpgc3JBqPV3AnpHLPqtaHmP4p53M/zbRCByU230yorkNL9Bu8MfH4rWKc2IVI=
JsNTS4g2kaMqWC5316P3X7SDt5cR3b9S/EOS3dfNsoOR1lGyIauav2RiByeb7TtJitaG9qvmWLU5NPBzXQWizUVGZOkpzTj4Zy00a1I3VlywBTiaDht2Mg9QOu1+6WI21+OIiA0qoFEgxKiaCzszHop07vMQE9KeIZUR3IQm1DM=
czW6cN/GDAwygPjlqwaYybcqietskTsWbvo80l2gU59VQuKApyPBayd4BksdfYaLKmQOf1+RR/w2EK2PqcPH4kzxKT1CHbIz+97fJQnxxd3erWNT52RHl5PcYddjKUYxb/pRoGJnHZto/h3EqoSng6Xta9QCK6JVrbUl4j8NCIA=
YsAzbsz9UcR51PVuZcq1HQGuCUWB2jnuEM2rA8NcCHdxozKTgy2ZyMTIrVTnZfsXCOiUHVOz1wMF5IC89GZzJlczFTBkZlSjeiVcv0OmGvlia4erdApAy5CGubj52rtwVfphL8q12Mq4XfPyzlgd7cGA2Xr6Rtb05N2H0IlYOhw=
UQ7kdGLNVPYIHStAqU2VBDURizCDLJ9DQ7LxIpwDCRUH7DhMzXVykq4T9Yvj4WKRdKopWcinzR/4eeZdAJShsQ9WOA721NJG0shPQqBMRDg4Cn294T7QTX0T5TgMi1w97thXnHfWPuNfNLwlhDZ1mp+Ma/dUtEWPRvqqS/0P90U=
IAqFN385mDQFkcMFD1HU0k4DRJcxDh1n5WgwbSwGqtZ4I4/tY1cuXTay1lW9ObssXHbCrK0lyamIpGXxrZpYtPHT+SHInLsY2dS/T2jihsS0zbLoGRmpxPycMxxU+PGylCA8ia4sCoz3M2DFaXh9FVyySM3fNvAiczpSqwS/vQE=
p8q7tPRjNh1dqh8GMXB6zjW3I+5eIyzyly9f2Av2Eqinl5tn0Q7CjNjMRns2HYauJWnn4b3wKSkApElahJ7yGk+nv4F0RCP08QW8B4LoCDZbP286KQZRgllYGu9U8r1TPjNeGKHgm2IaKAuQGTEmO1ck+vvHSmr8ZCLmT7ydzBo=
CAF+UHokSwLspx0dxdmxucDxGZzhg3jvFhJeKBmsMjVy4ECYA2OHHxCBtBTe5mKtyajHTsIrl5Ln5YZ/Zi+RaKE2pzWbBJu5eQ5xdENnpKCLXwRO6EOff/A9OdeWg7hnvmglH+D7NZTqHz8gkEPxMZqFKwSghd7phIZwidPCyfs=
XjZNksy1+QnLLTUtxIhPkpR/tfAshciuQHikSfpZFugRF1IqQlR2sPmVBQi9WNjvM/B49p7eTFFSRV/hxlaeq0VmR8VFWfq0D29TVns4HCFNhqZeJTzMY4+cMx8XfFPtYm93clko/CjbNnF+1OjFOsTimZeQipwkot6AwOQnjK8=
GBqBPBEc4LLF/oUnh/p1LP9Z2WJ6hydSu2cTEx5cBcKrCy/l6TM09fveYHsBE5Q+RmBSrLSg6LwqMIpXEtUhRGo4pkbz9Rtcst69b5Fwh0W0klUDJrtR0MYtD/hLCJ9Y1XIBCz2yCzld9q5g7kObxrjCQDo7YUi5dK7pCZRyZJs=
FSAKwe+TmtkOO2/lgvBUfK1dewrAIam9TOeGxiWY63/5T58kbCT3wTaRVCqmc+PegDI6KTrZ3kY8IfrRFMwWyJK1KZah+1p9C9UjACRsfnOpuuVQCOP4X6p3Iipt9CW8jjXEYHHS3uo9MmerI8ccHcIripOnNMuVwBnTtUrTWrM=
jjLgQ6xoxP6P9QeBdwvT5aFq5yWuapNfOz+UaRh39nAusMcGZENgwKHrVNYGVD3YE3xTXAzXBA7HfMHRVcFR7N/FGBhAMOQ+yEoVxGO7SpRbmlIc/Pmc+3OnvjSaCT2y23OfE+Ro/5YLDxE5Zkpc4/+FA8stdX1d4SQ8d2r3X9Y=
Psh4Cz1B9O/rUXJxtKx/EgyeKl7SYVGErZitljjkTa8aH+PGpf8NKlO+cx7H7UQxjIdB9I/9IgcXtnwlU9HkI9ZRh34V3gDvq0OkwSoFnTzyMGsJd/JOicVVNBvCIx8kYcZzhYI3BJrmj8ZhmHGJs0/K4GN9cHzZoeTS3pXcp/w=
axDuXJxp+v1DYXs80VHFH5OJ72oajr8mU87I1lRyqXsz/Z8MNl0p2ys+jJiYWcd6smLKHu1Y07souMgTpJl57O6UsDfzIetVszPnENAhgN1tTCLx8JnQkvfdF4Bz+xblY6LDrVtdqK1Ya822TPbe6ba+grLeDFe6kkqdUT8IQ6w=
JRf2kY35G4io0ildg7mP1quKOr+ffMWV6F/mrjpaG8ivzDhsm5ySPy6zKsakQa7/GjBbaokhbMWGWsLcYnBInKhPGpO07G3C6+DWjqyXx9+LnhVEnuFIHqCu2fG/tWAvCNwjL28CGEGW7hN8Zh1TlnlD5T7GEaexYwMgv7xRpVs=
wDt6koLjo8vcQxaa4LrnO/zvJgTgIXHSEiCVmY8CDy+Ieek9QDnnNEFRfg2IDvGefZ2Avq9asNk6cRllu9ZENDtzo2wSyZEVf7Y/6wOVG3YKsXVFVn4CsPYuwa40KVsaSKvFMgz9RU+5PVPNAky9JZex12h4pLSGEukZ2PAdB/g=
bemZtlttbjZBEha8a7iWsZcKxDpdbyYOHLvq/mywyTUAzD+TnCQ3eixNt/WUktMpG8Ht5qDv/RdAuhtN7lzJLrSvlUYwAgOze59GESrqvaL1F1XQHaZeKEsxqDw3Ss8eZ66V7+3WL7CJdRTOgDIg45lHCZv062aSMzWgi02SrdI=
ErBBscU7vQAZSA90oLalS+bU7R7qFgVON5xvGSeEX7pu3X3raVqXV6HmZuMivpauwRbqTt7r7L89UP3U2HbXGh/DNl3VvDA1UJVYLrlSPMWIWx58j8JI9MqOZZi+E+tzBtEofxH92YPpEwrJDlViGcv05PQ/hWFGpuDr6xHrOT0=
LCBcKgSIpvryFHugVJy2zFKCgXxrkJ+Moaa90euCVJ0eY/Gylm83MrIzP6wG4/XYPRO0pL36n2KsZoM33yE5ZogLKA/4ZL2o0MdmdzNqcK4+lUKcwe7lrieDkQLkBLoHw2AgdygxFR5iutGChsqVXjCAWG8n6bwsOIyXQ9shVqc=
D3FpTgwsfQPly2KBZMxCNEarxgrCZ8SnRJZM4mxvKs4uoXlUT9pbvwXoaN5jl5MudL1Kaq3nvjyetVEmg+glcEUnHokd5RtwAjHRJU8sCckEFtgeh4EcHm4BkDhmF3ZPgxhzKg1uXjckpV4SyPQAg8NNVkxUCXLqIAtblJJVa0w=
iGAiCWdZz4D56zXodUkROnDK23PjsxeEinzsZcs2Xm1N1LUV4pBAs6lrA7U6e7PwCNs96s/X2m1J2FwaMDq7Jug4PkJZt+18Uz5CjaU4exkLaQIZCDIPkRTYCv2XX0bhMO9GH/ybYTmSAvgxKVzFTxbF520WUkc1tWPqQeVXO4M=
bvs/FTRGkuGtiuKgxQyTnTqUMz59L/5s1aM1Un/sJIDyXnX320WO0VPXIG8PW0/LGYjTrUQezjvYjpmmxNg9TbDS2atVqCwvYE0DDavN+5WahSprj0Fn3E9E6obnwo21wncHvuTYjNiNqzY85dKWJOEIAzjNIz2gUsfGeusbeMc=
u2isulPuYwncf4y+Onutcq9EtuLmgTivl+PhA7BxxR79TA2MQx0UZ5GxZGz5MuMKEBseFE8xFbfHoPu9GTB3ekK1h6bLTEQYa3BZAcRicDj2j9DLQL4WUYZtQXqOs2u9Bm8/HZcrPAmBGoruHcT6sqEJQTW1czIQilaXUY5KOC4=
qvF8mr8O5sXbEo4VfTqu88vBJz9EKXIQLhcowiIX1KgnLTvCPKeMxmn7/aExEj3le4MfhlKuvLzryp/4beuUdyhtyVeNcYFa1R9e88bs7NXyluJHgWNfXTLQ0hqzdBOIAv+iEQCwWvcDncvYCRLE7JhpatYpuAOy4z3vMMT1OBU=
q6mhosLY3E5aAJzY3bEGs6hDAee2NaKEpb2Xlol/KNwpsH0t2cNZRGGL4BP3ANtKyIH3z74F/niVPamn+SdHxeOyYwrQbgRkbjkC2+J6DvFi+/ey14ToqbQ5oWiMGxFCjiGHBanebv8PhCU6HjRVzoPk29uo/ItRAYwE0n+SoyM=
Z/DWjk08rX8z+qygb3cdfY7KSZNYJdbl/yOJ5oRje7aBsqPoiz29BrtTHNyV5yzBFjlDBi/BlB4Dt199oazgevTDT5iZ7yb16vyIyZwzFuLCbTaAAVSxtKvJAgGyjdP83Jc0t/ULDCFUokZoK0Oy6qDBk1DmO9stbTJkuCM1e84=
Q7e1WDwqkC5SL1NaBi1+WZeIqdkwDAB/wB7bB/pYNcHlHFZHPJMVW7yEZ5sdqaWgq4xPWay1e6k76HKlR2W9hVWGDBTgiaj3EOtYcS0jZuIktQbex4ruVeBmeLx4ZP2hz8mhkvvbhT51bs/BX1SzAHVytgTdv7NY+T/EPZeGMLc=
KcsXEDFhkfKOLwyw9FdQXnzkfNASotXT90xWZaKP2bvlBnulTgwZyG8OyDJKSHHS49danv1RWCTTlxN/yhAm6aQiPXScggRbMrCDn6m/VcRhuQJl8sostL5nac1+7DdLS07imHf1FPF03rlhNYiQZ214rXmNLPSI9yImfiDgm08=
x/GqTEjrrj8mv91j/4ETzmKKWl+DZ2WuG4fnAONlWm/LDwMVyySq5bdiDK4VhTbYMEdWYYU1bEQfXtJaUssQWFGhLjU/HBltai243DDU9dR0Q9elFEOT0X/mZMwIykKFBALtMFIwsiZnWgL7TDXUoUtFaY7k0gcG6c6YJSG3LoA=
OFLIHCSV56tISa8bi80CsViuzSmQFDYS/ZEVHqpm7S9mNQgO4x/SIVBJF/BXDZ9sWqhwTozXAtfWUBVIPJ9iUUyWqKJOnzl4ZopUthgiFSx/pBfImTN3juokoeBBmm3AGOYFCbgJ+61NWP2sT0elMGyBR1P5h13DwQlxvthBhmk=
XfWnakkUAhTyWA4nqu74wfbBfLEf19LPPrACDWL7AucMqPh1PMVA95uxLsBM82g5L9Tx+armiHlOOtg1j/bYk6bHwWUKb2dtdtOGxNIyFuE3h8iDHmXxZEe8wZ7NXQUdWPNez7XutPDzXHQ+tskbzUZdVtwfZyNGnaIB/dNqgcw=
aaHiUq8gt7Fg36rfjSDTIeY02gMJR51CUFeL+08uJrBB9zYZcFKaMcr+JU58pozCPQTA0VL6O0/5wlreXyFoC444yvExb1Dz62XLF/EwBbpJlHIzUemUsIG027YKDzXYWpy2Ix6BzcCoghnrBhPcg9Kl+YCj0TaNFZ1ZKxI6JUM=
ZRk0EnXbOrDYXtazl+fXbUg2dKrzEExus61aEcCESpL644//bgSmdpjIbFdm6N8tPiDxUWnpCZMgZdQVrf/AlezQjkVGAdtmCxOvKbMTqPXUQcUQQpvX8fpJCVYQFPYkzivxmROrG1/d7YY0K64taNYIGUcFAedrY6MxPPEwSH8=
Y1vasF9h89gUSn90/WIkUG1a1kpp2pY4BvbmoilNXRn14j6MixS6dJzjNHDY2ZHTiplywoh4HrOpaqCAGEcI9FAhRnu4cKUY+y4vNI9cChwCjmGVz9/0QYCko/qxCh+s4ZaTyG93iS6P5hDcdaqNNmjEhgKU7aX5O/rJBOyuuys=
w/YrCg8U32utksEzMn1wZUh5BztlOoGe1IPwVRRA1TLvZfGMamPToP3j9Wnw62p8wg4jsmIvJmO1SpWtkgw4SUtdapk0Q/Hk0URCfw+57M18mUO4XzwNIxd1CebLzKb2pmFknIzWilfXfs386NYlLWagYb0OR/qwiMFUTJfU3n4=
PjX+oo1t9Jhb4IWJkPsA8JYxuJEZn4U/3WePYVcGZoPWQtm4g0KIlWFvroaC1hdXl3Hg7AIEZ9UNekjas/lD9mT+Co1WYCI0XwFrE0vT1tAMZcKHklU+Mqg7Cbci6Mtjknwv2sIxvQJtIiEgX1fjFJEQd+HeiggrStJLcI9smIs=
tJ2PM32WK6/M7aabx3UrRwfyPFeSkIhwy4fjBKdtLDIJ0lh2ZPC0EXdx6OXyvXQ6LiKHBe3FdHuL9Hsr18JNOFY39VxfO/Ah5Reo923F5KCzwLwmIKZry7V4ARy1EgiDly0MQVJy9532GSVV5jqtrjX7x3HUEc3+M5lt3Xjo73w=
ky9XcNMbKg+RgAmJcISNpEzQStWi9SgenlvIzn8eufx1dERVB4iFXvZKxpH9vC66/vvIpJLk340Ampp4Kt7qS6/WbQ4HdSsZ4x6ugxgt7lau4SXL6Hn2dtqBFh2g29bbOBjJz4hNjzY9qJ3hyKYAS6vxVKjlPF+HGVEI/wKRg88=
UwxQw1PlYXv9x4x+dTJm0BwRJslhaJ2t3Iahh7fXcNYww7migzf66aFzGYrwzL9yc/UMnr19E0e3aNfaiBLbFfqsoj7i7VDotPDQtyNBzfrxAp2P2BBeIxToS+XvCN0n4HHtCU4zk4TgdzjK4fzRvo17JYgl5H5MGWybLdOUC2Y=
pmrELQHIJkIx+DS/ePd0gG6eZvOJbHsW4NjUWg9cY3wMvaxtG0njc1D1Ty01WtlwTXOjZLRlNQWxuWZ4jU1s34JdymAMfjcwZIbUBCtQKYrkOtGLriCQEzBIT9vXJQCN2W/n5cVU53JChrBEtc0gGqyJgbcoh2/DTDzLtNVwky4=
PVi9nVmWMxg/ZlwjPJeY/OA7R6S+lzqb2us8FjDV9MHEPyNy6HOIuM2yXsXeYvJKkpAKL5bASe4v1D68txOaEfzmWDlmzyWsGQbrAKOtjvNxUe/FfdSVAkXABYwUDW1Nj/m/H+OuPURXFq0qmtrpjP1uM+qVFP18RRmxQ36iyzc=
qRYHqbdizA9eK8cbtFP6ad1MHePuNMnYcn9ab4SBuFkXYQ2Q6MuDKJIC6FGvOHuSi7D3qxyRpr7SJKgwB8NO3aL7I5mKB6OAqm5mJogNXR8jz51iiKQdjITFDUa15tdvmI7q9Mvs1Ey8Kb9HWm/aCVknMaD2nK38608fmzx/1lA=
NvpyLyzhzf3CYWLBN489KMi6J+3fGpGyYuzySohJsEy51DTtUWOcH1X1mZ4iAFo80BLARxhl8pKVSxK73+0aj9inid/Cu97h2rQn4t+Dv4BT5XVAz9EHWtqTIdtp84cxhlS11DopW/Cf+2agZHzTLaLbp0vkc5/AJ0l+a+EEn0Q=
I1RbijVnUtQRCmG47+szLXrovxW25/jAyeMGypfnUV8tkxxntuIyjuERMaYptjM1Iuc/FbWyoY+pqHkMxBzvMDpPZcqUfasdGVfgkMw8xu5d1mEiihT6cZOdnAwojOEsX8HGKt/FlsDnC24OfpH7DsFkIbOa/THTtU/HG4ygf3o=
SlM+Aan7jnZEasO8ejUTkp3WbEKmaNiIltyb8GBkSQqCUGiivBCuhC+QGEq3PiqBn0pQEvchCLQtPSAa+zNLNxnvJNx0bHXZHCjoCWNUPvOBtu+Re56wl4wpzYPUHNe6lxWW0LwpaR3ErbsLezfOud6AwoNGJ9a9OFTJZxnY2bE=
op6YHfoM/ZHUVw/Zd9jl0nrGP6SyDJ6SGX7sJXwW0JEmwIBXOIpk01dm+PoM3xuj4JmJS5LHz7TF4ge3xrsBDVpgE6NY5X/k12V5lcm5Mht8MrfimYEpFI2X1xsMjZEu7v7CwGvwvRfTiCah681pz+gGELmxyYRFlOdoXhwoV0k=
b/aScXCTX6hFb5DJa7XC3vFC93tC6YRgI99ndcQ6rjtl7XTXmIyKnID71yTSp8FttRCSc8pra0Wgu8brzug3mc4ZpgD/wbjxjthej/JaYBncse2l1r+sAfRh2dpipS+o/E1FN+cVJzKVVTEBhcmvZQQNchNSjl06azYvBT8aztw=
Aw1lO/grUAaO4GDQA3820AKHRFitOatpGRvl8y55FpWRJimwF6yT/IS2m5z5AnOtCAP8QTLB/GpqDrU0XqvEy+lSN6NXnuRtfNMFaDwHU02w6QaNOajCpCRTHSAFbkX4XX66PNeItMzb/lZGTiK+lyDgSu3Xd3JjiyxBVYTYgMA=
CFff5IO4AuIxmGvh3RUstErIV57QTISQ5MdjXflyHHstqNLu550Q5codcXznAccvE2aWafhdbzwkwYEuXFYgVCslxyjQnHg10Hvsp2R29KiII7s9mIlG5N7zcpz1zRD0oo9+zeTwnps9W4BIYAJduPUl4gkU66YOMsQvFICGvME=
QjOgTE2bJ8XjYRt+U+hHT2fijF0u9QknQAvB/V3a2XGmcQjA0+Xss4eREduRoRduz4GgLv6Ik9sh1ACSeq/d8va7y3EUKD7KOUCQk9yVoC48Ifs44QGntaXWq4rSWMDT3XI3NX15Jk7tlBmHTCLf0FWVqwwDueCz2KbQOZ7KHSE=
B2xtkhRxUNqZso1zDnQRS5upJ+AO1Xua+l/dBW5xRbVLXLOg79AdynXpKZcHg8P1+1kbLoBs+YmjFhG69lX/GKnTIeh1sh5wTTuc37Kid25ys7I67kjFBmRcVy2Tg5MMWPxxKj7mq/d4Rjj+S/Jbabi7qZAWXjp4C1MSVlxZToc=
Eq2BsEISZspFEpR72m3S9hqiXGZxDsJaaEi/vaxy+aivJYIVKbQS1APxrsQXH2NTNAe8KiEHSR32mpeMn1zDETHJEgHWk1+ZAi1GtX8x/rzkkH7m8FYUbmMEOG/IileWPiG8ZHd0AUNWfnfsh4oasM2BfiVyrmicVZpWhWqZ4ew=
qasiUdk7IsJ31qKj78JBCB71RbKU/Fe2j+iYw4dG9PP/+nRIETjWnucTG2UjQcoVT0mWE2djNckvI624i9k1IY/IpXSvWaz8wxVkF57viGTSOITOnLHACdS+fIhk/yWvy7RD0dYo5yzj34w4mGrLqyOmnliDajZnMVkeSJaSmuw=
JZWJDtcvg56jiDWcHtN6Ka0jyrWKnZUvIf31qxfZpBZC+sAOGa0jPJJPbi0ZArVy3kNw5H7Sg3H++tBpWNBD1IZYlIP2cN9Fn94YvkhfTUj3waczXh2dSVATLjyxEcVCBNn/+1xH94eiZrI35WMip60A6Q6L0gU0cfT7Du0ibeQ=
icCJAekqPCM+2mwRWEMQta2DyeKIo6V/gXnPgUKzKtsFI+oNSEv+szW+DXQ2h3cbFrQVa8DfGRRmnkSQA9iMgzQdkykrMDJ0aRhrLGhvrLtsfpAhhitsWWWbY9LJ2fXoC99wQbau1z1LfxjNyt5bJD2/4nHdcp3vR2aub/8Tjmc=
q3k+7wAudmcr4zxl87ximgycTKNqVVLDnK9G627Bxe4u/YO83W3UEmfC7w6YPZuzuL2ZXR2Q6RS8sdaBZhHenD1sD5j0XmDmIb/4OfsAmZwXnTeD1fn/804IYxnEF1u3Kx2ULB+wPAP7UlybmrjrJV+AoRcqCXQg7TJR26+SKXQ=
iEVKDapzZH++n967rorgFxo8pb+jk6PemfD5Ip5lqcKGUGcV5uxrpBx0ayS0MutzOylF8+vzFVfb3p9cOGD0rtMwhhD8rS+p6EHPthp9FuNIxbxpof1fb3lB0tldIxturholCOHo5P4ZUzc6D3r2WEi+3bChPH1n3Gjr9GziA3o=
Xdaxp0qYopJBFjgswkq4ob6kZ4TPAbzdX5X1HFKWL7wyzuGthlqpeaTG/vr+2n5kSWO+s3jWiO1tdQwcYH90MFaQcViKXVdic6URoTdZToyqJaexiJiLNomdcNsUbgJg2e+PuTgeDUEg3DHsfshHhnRjZGTjbg1FMsP/ss2y9po=
a6L0h94cqp03hBV3oOc91mra3KniiBLRiXXvVIRx54y4xipLiHzeQQ97VvYdXucSTak7gMYnYpXpngHwz5dGqBSklhrSFJV4cZgifpUBtaRvoQpFzo9q3tlv8I0g7jTIR8HZkT7TSncr6WQxM6B1dJWXNLwVQIKv/iFf2mB1+gc=
YSq4GmFjqfpc77qPbvf9oATiYeuu1co82kHYsQ7gERG7IuL2sTnj88N50sw45v9Du1QRqNmi8MjhNbaFC2JpAUbKDPzM2JGYujfDm2/4Iv9mHx7VPBbYKi01aNsQPVkNbWQp1gTGAKudn97oQAlyO/SdtNa6Kz/wBg4wGZGKx1U=
AYkPVjh+Ij+kOzgyALJAcQuzS3SXne0sXyjCIauKFSnzJQLzDZD9Xcyqf4C4IDVEAlNLt7Oo6sGTK1skD5HKDS13j7cIXlgRBNzXveLn4HBNY24EgIzpKbbVndaMITmcR0TFz72rPxJf+w+++5GA/mXn/pv1zddLOX90lLecpSQ=
J989uWOXZxVCsUqdgYazsz6T3ftakM40cssf28PHgF3Xz165ibOCZXFVlnQGQ1w0MMtxXwNE6ejWGiE1B5/wr6insClY9YhJxJIuQF8G6zi/kQon8u/T/63kJm0WMzfEYqrgs3UoAMewKt58zjX2G/1OTzwzbSz7Cus5DtdaEC4=
wB4/7nfkXcVhOlbBqrJSWlWYHCJ/iavpsHdM2vvxQ5hoDgiqi8dW0PfNJZH0glv0bDlxgfSNlgd38e4iJWFKL5x+ogPJTI+04nE9kuM+nvgon1TlDwET/Mw8ksUT/CKSaW35q1IGAhtRSjz9T/fGkw+ZarAqHRDPI+mAv2mhoio=
pUxjw2ZLAeNv7KWRQC3oGX4/Au945PCTTjmAFYzkkeHM5eNiaDLr11gOGAFi2H2GOtHra8utAOJlZp4nQcFAWZy1RaoO6XeTraq759PBUYZ7C32PnzIsRKLg/ekVJazAqUV2uolqLvjkUfZPtuZ0Zf42+mbqrjoGA5tWk0rvbBE=
Ab44bVcUaQJOKoMh+vL0aeGMG56nCAvawMudV6lRR7fp6VtBV8IAHh6YzvKknE/4/maeLsGZ4IZ9uiIs33LVw9BvrPctHAHLkJx+ONx0Ktu/nN9DgLeO19p4JcBq+MBJEDm8h2fT1DZHt2+NkDq1I4yPaVvVlkPip3JL/sSF70Y=
hW9ksQfqx531bY87DAo4B3u1ElE8b8AVCVsG3b3+Qlc5wGwaI28Y5X0OPrDe1meMDjRVd4WfbfD2oqD9GeKJnJQkWwdWRTwsSAkMFpSB5K/3hly41JOQ3IRJ0OLGd82lBz9pQZGHWO6ZzB0UtzPkMLiLAluju8I3cXLGa4yblj0=
UYXO6tEUC5p/4TswyF5L6ovrDtSXEJLmNDYX0NG3OzT9ImaUIUE/CVL+3D2Dw2yjAqVU3+odph3ez7iaXpLJWB7BIUT/f3CeioUVW2BPBzOhoaGdj9GQRxzz+yEJJW09hWttqORvQ4+J12VtwpkhzTvg0aFXVmkAbeO1wcIUAyc=
ubd+fX6D95wqktgBzIiPIFR15ZojGcQgK6GWh7Si5YUtzUF1rgf6ED9ZoFCc4LqRYM8H6f7Y6xGibyTZrTEZ+88/61jdQjCqIHSiR0RYbia5Go9qOzs6Ega7Nim/g2VSJw/A/qmKIZn9mRAYdsAi9B/+gmqaNfqb5flh1MV21Nw=
Jfr8DcvpLvz7IVl0/zJeTYi+7mtXTAB3aAnI1+bed6bB0PdfUabfpQ8ZX4KV7TCpQJepD7bQg8Od6wUqmQ1IN/ry/oygCxjQ92dsRPsRfSQDan6W6on3WUXFpzGl/7FngZjO7s9po6pNarQcre6DODEEwW4RiuGqRzB98aECAWU=
ldiZL0w7w5goSUwQWw18vm9+MvG82jLq7L9Nq3INdE9Dg+dy4gWScsBYE4k3tvRTSEomPbXd74a7Q6OLXy5JqNhFNnr+o0Tk1Q3MzYPkWpOy9j09hgDnIax7MsGk6ND8BC2ozrD9N8BusiOfjsnsGMHn/cHlPFdTW86qzzU6TTc=
s0k+uOQlEhM13WG1z8x3N5EZSqCk3hRr5RXyqjyQJnkP84V3wy+Ek3bhwWFcG54CVAROhCGerpKpSTeFnk8Q1L1zXXT3VZBsfdF0GUgx49JIkJFydv5r2wtHC0C+s8hk7xeeRCpJPEYWYXF/jvt4M+R2ubHdqQuAMMISKAsPNLo=
vVGs8T7Z/6cBSsxpFTK79Ba+lrNp+FYnsuHFMmR5oNXOfQZOMjI1i25RD31oYi3PVpIZQVmnniWwOfkcxCXiznjvrv0rgmPhYUex1D1A9ezluX+eLij/KcKBChv6mCwxDGX1r9/lvgvlwvBfY1PQdM/+CSMR5xTT/0swni3EXYI=
xD2LbzbqcnFe6Fzi9z6Gz+ZBUdWWFpKkNmUiegnbRhH6PUHgEylnZW1rZtefVIc34y2Vg6LWuiXsE4N3E1wv6usxuFiT/IQb4/nj/Thn+4/WiUx1ck/EYs5EYa9Khkf2FqFLnt4L3o2xr+ei7o7MO65gtDhnCmm7x147I733Rs0=
W+zd5DrUEuhpAOMUfT/d6OTrrX0kczhUNfLIV5MK8teCuubT3krcQLc8PbgFE+cEzt+EJnxcGz229J2YxMhtnzw25bjHoJCb0+/f0GFXH5n1C+16FCh9GYM/FIbQgfdmnnE0oBTsLr+jeizyeUWz4RFaFQOgeFokmUMI4xKA4vM=
diPTh9D36Qv8RzVeqOZdSQ02DSBhSnVyZD6Y9ODaJEcQDWXSj2oRpSE3WbW9Abr2T5KUokZuikhdjPBPwSPf2EIUtsoG4/mPtRop9lPXWdkrWdhKOPsDhDyyscO92DMDIVev/CwY/Ho0AkPWzTVCfrBUQ+EylC9l4r+V6s9Qwg8=
uyFT+ktM8AdzjUtD758YM2WkzH4vpnv2KY0P442VgqN4bMZh+tjgytgfdklSf27NOGB1+jEs8VA0/vBEBhJMZDf947VwVBx3wHYSgNTdKVQwXrIaL+qjLslFX4K0nQcXjaVeSeuP308jKI9/PEPwu5AAjzBjbI4m9K48iV0jdkQ=
vRWk2PZ+fl9AZ3WnwPdTy4npS1nm4FmIK9Whn70gw51D8tgnBdHNCqYsXZ2n9U0AMw0TsR1msaukz/7iJ5RJwhxSV1Phb8SVf6vRHB5nQI3Y0BTqrmfSnEg2Poepfdw38tc+bImjCwhp12tLuhSCG9GJCGWtSpSz/eHDw8rTV94=
m/2Co8neKlScIgqgIHcf0vTqOnlmhCHWpMt3ADFctOe0CuqRZq6XcLtCwLZwYBFloaWy42wk6gUi5cUntBmxOGFsXdIqwAZq4xAzKuhmHz/I4EEDfBwxbKnZ32ZKUYCzrkdmHKOVGP5RU3QdLMYh/DasQf7Lm9bro3Q4mc5kPd8=
UNYiUyzj21QoK0sPQQqHBVtUJG7TeCCnGTa5jsREA0zphdTNhwdWoDoAgvfG5vvzd3bY2sWK2tyauvcEfBN43zy2VGiugdXzOUcCN+dQY0tkbXt0xd417lfREbIvIeK5lKg3XkQv/YYSt1nzgXkR05Z+cjLy0COiq/aHg5swQWw=
NdSw2bWGl5DW1AdLLG72FOFXNQ0TxiiKlmiUZMgsgZpiRZmwsg16f4K7Et6gdYxcMdLd7ZisiYkhsuiP0tSEOOABamZ6bsvuHJSQXXt/L5n7IqnL/H9DXsM95shTkDdfhvAbEp/l21eV63+XouOB5toOawyE8hKRGz8Kk89Qlxs=
qzY4igdFEYWJOBNEX+NDkqHY4YmaNOsV6l1AfhYUwoYsKiEs9nMLqTa9CRQBkVsvxnivLDqAH40oG79lIPg/6p3dbwUQrmg8vcP/ROPXmcU3rzLzaw6vIHuS8jbht9dAcU+E1EZLNr8QZDB1rnmBIY5sdMXa3UbxW2gCMPKrQiA=
TQ3W3URvgkSiYwbBGWOO3yTb/bQ9jpqzSnkNX0V7+eFBo35y29wp5F4TSWgsPompvlJPmisXWvrlbFOqeK1mOObj/tCo8N1UVoy4j4f/OtNyy4Hau1eGE6OPCV7+qPMTD0IKCrnom+VlnQPWgQy6pfkQp9wN3jfpmFAa+8ueE/4=
1bKGb85TkrtBfFChOkZgV+DXzhXVOkIRpTDH+2LaiFA7xFk5QzP4w5xvrFJv4q8TT9DeysVOzWfWtgUxy9r7+lqgYEb+d47MALCiu++u7K7DihLwGSdtfCXEfzNkIucLU5YJjD6zDC96cGR/pDgsaklYPaouruur5M8XczctoGU=
XHqMjlyRyHNTpDN7ZYEzTnO9Er/NlEhkl4xyn35seQ+ujmLW5kXMNfy7aE0QBUxMEXu7SZbNmD3+4ruIorRNbRLjlSgQQkK3E4l4UIvTO6B6RRe1vX2Jiky2zUTmXijRDFkc3enjS0rNBdNFDqTVf1zUN9WZIUoInrZJRQVbNBQ=
ctoP6JcE4Bjz258kQP+h424uMoON3+mnCNfDHj/6teYqNmNG5S8NE4MqAIsjVg6L8QisljNSDEhN8uM+8euT7c52LrfE9rImH8yc+9vI8K+ONbs10ghX84j2vALXClPwtX49yPKh557WVWsJeJ2VokI0J/ccw7Gb5NfABA10Oxw=
P2mGLpL59x6iUylvL9n546wlNs19fk8PwGcqTIvYTeblusECH8fAUvrtH+nVqp2lpBoy05laeoANYkYRafp0QgSoF21/m+BjiOz1dt0NK3jVsJjWOkGkxpuGZYlAlKrXHK2YLSrd5GaTTzaOpxLxkJoyg8yG/hm1Byxu2hGVDi0=
gTvsp/q+MmyqXi6uv9bLFdrw7o+0b3U7Xd0q+k+rmkKFnvz4mYxX7FWm8ZRDLNtB03LV7VZWal0PKZ/vjB/iZT7LKvjrkKV1TIa4TBkHABpx86G8KjBgnZnrndVLD2kBWJsG/Bx9iaHur+Qi/nY2W1znPV0HfF0nCqBoCBhYbzU=
vBQNWCZw9NoXVzfNIlYy+XhDom9h+NOBeMDvqDH7hwKeevhYTUqFZ5aGtyP5rvisXbPBZqOpJCuMQvcjG8Jie11xWYQnU5spIlnw7xqIWCjYz9zwdZ7WlrYVNMhyi5jcwRT3w1Z2q6Mzn3K6qqfm1zZuYWzPnYFo2riobgn0bNk=
C8ktbSjr5Lrz5hLqJR5+69fkwAAME5oZsl8EZunaBSduRKPK5XIEyPkFK+oSsae9URDVsPki7ZR/bSkuh1ZARvm/hv+GF2HIanVtJZ7rW8ILO03s8ytGamBZPunqOB1oKCzXOLoaRrvZquwz7OvuGooj8yiAdEN5aJ/mBmt0Gfc=
qmmNWkTWWdBMSqYUyIOLEXS+3NtSeAAdATiLlTUNAMK4DDLJ5y/qQTvXLe73DFQBbGeYur3MYEb8VDCghGvABNgDY28LrASTXhNRlbab+rMTVXHiZsd0J6KWcWkR5XNnZ+91RLxL38lDDNd6/xVf2beVMohqa5EQ0A/K3odGiiA=
bY2KjuLfmNNfNw5kuZl18V4ZYzcRQBsEmkCKZ1q7eUtEcR4f0z3STmNDbySDkc3qLyThZj3jlTpezoAJvJM3NjHMvosG+rM3qCeVqSND2Y9rxoC9q4MRclqrvgHClaT5CsZYgIsme1bPxh8l/vKojGN4I2Pok7M+yrhv821anc8=
rTl/i7ty/Var6mC1ble8nRwwFp8TvjUyOAwffqxSXxu7ClU8PGray6CuBfm7LBbl+22l8TY9jcWjVI2pn31HBtKXMg9vPT9mkxmgkfwL2N7xWq2aUN+FeTL37kFA0g7IRyEEq3jYB0e12cmlmCFbHyQLHNYxp5AWtaSL+Pl8QE8=
Wkid8p+zCpFTjEH5QR/GlPi4YV09w3DQ/tnxiZAvczL6AnzFwQKjt3tXP+yII0t+yEurVpJQxJGLr6olOPhVVNMngOcRtz5bX17ZjQ59JlFk7p4Gt7E8yb/BCHCl6kFp6JO2td765ABdnsfX60ondP+7AzfP6eVooUY/U4yyV04=
VxV+DmVXGv77VwDZM37++2xiotvIgo0qGsuGiA6rKAi5puX9abyrHyGR6KRNNDVMVbinL7mT1Gq9dmXHh0Rdw4AfGHMtXjidopTQ1ZcsTjc4/dBd8czIUCJLiuRi5Ju+Zm6xotUlHLKiXgo8fuTCoxnvD8UmJ52Bkydqbgx/eZk=
hPxBF3xjFUMzW3R8Dulfr28GALl2f5yOLBmrTAVU8TAn7oqORTw6rVzvIsqroH8YRNMWJ9/x7t1yQQo4l70SFThvRPmmb1NX1SJaWFtOL9yTw0kSGE7D0g0Y49ALdkkyprGEepTArtcCZ9oPH9Io3OcnRiJQQclL9FLUOxG36rg=
SvSJD9Edy68edQZ1evAJ3xKG2Hk0ZhB73HbrlkKUV6yMi/yGqS2NMy1ErPBskxsGDjzTsMuiAYwbHq/93P3PI5ZRTeSDmf1kTQwvzbdY8CEZweYamkUveXdsDsIrH6ZM5gzuWQN/JqxUOx9KL/uBWl4zZf8Dzu35NBd3AgVJg9M=
H7u0E6dBoAIsvBtMiyDvgCeOuD2H+LUCeHTi7cJswfJyHLEkCHjL3R8bH0ciUMKPeh22IuBdk6OHYLGizDoBTLpQ4/516pDDRQSkXWt/lK8Kja0nBeJQTHtg9dmXTJD+V+arKxeF6urt1Y2xhT4KboO/CYmhkDUGNacc4yDtwbA=
xibPup/OdwnerdR7YMc7zIGCRtcE8fYv8gLywom1S38nClxPtRFY1TQ1MAtFXFv9obiSj+rq8cNP36yeMa49vYWGTiXsUk//4KS4iiwPsjQi4OK/VlfmiQtBS0TqHxMfwnefFgpm7qnqMv0dK+gr/wxRBr9nmxq9Y9MbpagpCW0=
dXSFNay+/BtNqfrxpHm3YMmgHkoB4hAsWgks/X646vlTOn5okRL10pcLlZ2H65t4fqexeOZBYJyvii98Tch7qwnOAEDkhH39Arg/Mtf4CS/75yeNNPY2zFDLxckyFvg8xTkeSQPOwlGYBKikx9dlCQoTnoOuidcOXDJ3K0xmEEM=
ByEQcyvUCnFyzselrLMgb3c7vHqOBGls4wZlF436LQpVd3UcdGLmRpbNEdHRzPVjDUhutIsEUMYcPmd61hxyfw8n2/zbGRyf+a7HKmyh5qpf5RclYkyqlcnDVjry498pm9a5Zi95qJaSpAQcAeEq1ESaxH6UxdqWKq0UH8kuyR0=
W62oQtL8m779SIKJOlM1r2jBjKSB0JW+QwheLsv81B0MqBrDRzf16+BymDIQ5hB0V6fO9WGRFZn6WrGvpxY8BfRyLAdJQbT5JpG4BMP78S3yOadf7mani/jiS9HqF1SvW0XjcqBwdEPT2ihJ1P2eA8WPbJg88J6Jxp6Jmh6bVQM=
dYpYTCXTD9oJ113UgjhbbC2CMV2FQak7iYAzdeRSdfvEGzopHMIhGzpXXfcheAMKEZsD2chS7KNmRHv5b68l1yuKHm7viDFtwbd2nXFVogXMHlpQzRvT+lrcKi1CTUwpGJHWL0oJNjgBizZEpW5OOY7IzmaTjjlLbdTAxmSxGos=
HZHQdGouikCd1yDQTMURvU7Lcap+5S9PpYnBP89vctX7egEtB2ZOz4ncTI2PD4Sw0DrROmOVOkUlAkVmwTVhuEbYG4kMiRvSHyuC4D48o1XArYIFRvl1IY59axL6kznJE47R0vir7dcd0PjPIS+gFsAbYS/Y7TZbP8OjNjm3JbA=
zX6XwblzcN5pvk0I5Mi9Yo39RRFVO2KXE1DgqKDpCg7PO/hTe8sBA3K0wmh18V3V717ZLiW4SQhn9dgxGSFiJa3X0JvmbXmCJd/9PCa8mNJZcOzh44zJSVm81xfMxII0AeyXkQIJkF2qt/ywhJWgCy3nbGJETVB5aEBLbPB65pM=
DBx0UoqZdRqGSrcT28KRp4i8Nni5Fw3VtV6uvTTy5ZmSNt34/keYoHGn4wSLEGoT5grovx7BfVk5ClTEoj5hIylLQRhwcOkLqW8kQiS6KIfBSajmMB1vH+UR4kycuFy1Gdic31D/YduQadad92iIk6jVc5ot+Ba/qNLWPAMFrqk=
jHdUImPoaemuaGJaDomjhFrWGb747s29oYgZJfLpwIswP6mR0m01fZgc1Mp3UXpYKhWtQahwv756eu9UmSdBLXY1UUrUDI+V/YvDLn/55D3v9PHC5NdGaDaI00YGzpEXDSMDabLmtX1QnEFwuazbRBmzQZJX7xqD3utvrNYcPUw=
W0/XqVu/+OGEiBTIHFHPM5/CPZoknimQcz2awRumTuP+6i09c1b/xIkd0gs7p0aGQ7ECMb6NouuKCKvr4hthz56wDJDNs7eBdD6LhvPfuPnb+ua+ALY4uy+YFX5wDG6V22QZOCxYijH8SGrGXDI6sE8AudIC5xhM6PRxoJDSIjg=
cPYA9nMcaGo5/9WXQSL8pkt/UooxjKbIkpVIjUjLBpdtvyfO3LhhveSo5306JRfR4X1ojyRzQT/RimXqyYXGcydeHY9HgVn85KeJ0VKgIP5Llngv8XJAzX6hhbs69adgl/srrvcRkfv4q8wACk2Z3i0mNonz3wHtY1iNtDB7D58=
ejNLgzkdKH2yr8skA4I+p5BJJUTMf+htP96+M9irn+YHlWBVgyRwxD2wGrtyuLMjwiBWk/gLk32K5TjoP1xz3ONIrXPPdEZDvQlutnzXKaR1RQ9RhkpuCklj52aBInjnwA1zyLpCGFohdyuw6HYluaFj3D1aRPX6UYkewjkO7kU=
lOnLnWQ+XVWfvzUne9ew4JNNWbkubQihXvtvEmmEWU/CRnGdWjjDI8xZ8Ms2wrSTd8au/giojYdnftKPyjWC2eTZf4IXZHf5w9v+Ehr44wSFniWaYFpdHyE9E4ilCWDrt44VRV8znUgiRKkeTpBXe9CRzqLtxDaArBuaSSOIeUY=
w+vMut1pKaFfUnduxsG6Gq2J4s3UJm+UdLFWLgxWF4XBigk7BJTz76EfnuFlsrLu0EchILkOq2s7NP+1N2O/RUbNN/XuP4W6qdPA1Z7B7UlkDTbvtWZHi5v9E3xg6MPnymVQydODehV6H/bbATQUaMSKikMrevJbUQ/nGBGEDj0=
UGLRQRvOnEEphUt+kqE+PFNR7VB7zlv6AO7bzRzJATSOQK8McFWVNvXzwAgSWhJwzH0kJ4LvyM3rtFLgG/1/ilBQsMD9yf0yvGE9aylMKwaqcK8L6jxIp9RNq9l8OIO753YcYP+NwgdjHJHBbZhzwe3yZhjVosshIKg5tobv4wU=
E6alQs+anj75zwJN7KS8+onCBJay6gCEp4gdFjtQXOhR5TRyb8EYboIc48stTnzxjhxazPYQao37+Gx4YhrABQp3CvvbBFNc4iq8SK2gAQDrpqPkV6s1UkTEl6vfFhziVPLYNVrncOF6hZR4n7zneppN4bCyqDgegIyRjzjy0XI=
Eig6pBpQtGvjRJBAT5Z/8DUfJsKzyilSXXletjaytyzNRUaUxxIoz5YVF9vavnVxg7hNe/GHb3vWAJ0V1tiu6Ki1kMzm86idTDUAFDt6MdDdhlCWPBaQstWyQAyyYlbfwGQvLrjX2qoBw21Y7ed9Qq03nB8YL5c6T82nl14UKwU=
mRvEcEyPkCF5XJGJre/8c9Bl4BqnTOp7vBpEwXliiaNfqN9wWYOEHEcTITej6fPwiCYDsxysbHZat4znm8lR479C6beKEy3PXJffmaNqMUiU/o9fQp5wzryFwsw0RL24e0Xt+XfHUV2HjD/LE+5K1mjiYtKZsHAp03nDoWQ92Aw=
p6wLciewvG/FUPNpK8WWecnwpzA3brv7hlqDB4zXtsLoiHWOzCXgBON3eePdermD8PMpOFThXy4IIiUk6LigFBS3aQe3LsRv6eTUrRsdcN/6uCBW5jjfjgxll9/eWNNjrXiiI6+Nf53F9le9ShUwZDA4ZoAgO602YW84JtgNrXY=
ihigpz0LXIBeIssF08X5rg/h3+0Yn3j6cFiCTluMo74zo+SSlXkqpLlK3qsEyinnutzEhaY0qF9aFg/mB4/GZehPMTcLByH5cq2gZMLOiLTC6MvHwLuesAbNQN+YBVVGtoYP5QPdTQPxqPaaRZul6+tM9w7zQsJ8I0wpO/4wtsc=
qkaGtd3FvYtT6Eb9tw0F60DjgdCCxQtaWD9+Znu5lHBvJWvaq6ARH84ssVVE2bPjRXE0dbIHYUCgtrsO48SSyZVRjtFcNxBy2N/kCV29G4MOK4yBBHqE6WsELQHQfBgE6i/+wlS0aab71pPbiPaNdaS72b0ifKQJKOrtqIsUROg=
Mx3M0152t2Rkq6rX4SZvdvWMJhe5213VR4nLvUNn5WfSbZUhj6F+NSTtiY7GpHSSgqmrgGudgrHYnkUA8fhzXYhaMJH/WSjKJUM4C0VzFq0JBH6WHYpWmc+65BXmuV2ikgWS30zDcZgdF6xgpMwlpHtFkTX+tEMoVQKeNsJ+fJg=
vHI8Jz80vIPeNv3M6+t7Iz/kgC5z5vwHGoTlRPmDyhqh4kTpxJ/UHxMfwXKHB7zLJQ0xOqipcF8XpYebDyF60hS7FE/LyAVjagN8b4gpwVywzGoI8RxJgQjO3BXY0n+5MhGuwJ/qn5HexNkKIK04BTrnW5UKvkhAtlBNUXig7T8=
muaP0VVbYlnzEny9EuAryjTdHrQQPsLVLdBCntawHiiobF/p0Bi0G9+W4p8oLsxiRJX+j3K9LyBNZaySNKkM+530jiwqDEuHg8H8nOiGf55DsI5PWZ6QvhtaQbUcermOTBSdZa/r2wS/pDqP3zg4bni4ZIxRyeiA9gKOYeP3tPY=
MlM1woq9lhG5M/Pk7Ly+mtMi805NBWFXJqT7rRMkQ5tLuxEY9ajzv3T5yPblbF9x+bi/ZDvilNtxbYKrDJhuc4rLaNsuFIlSUopLPNS4//zgZyHG/FocwBJ8IfG77W6YcE+KTHBF/ieJd+bOZ7LDNM4o+VgARea7dIXDWrsjqxM=
tDtl5Y+9Skqt1IfMF2L+5nAOyUKLoSS9RB8uIly0Zx9reNPgstjr+75J8Cg3ZSqG7lUi9/l1zcmJRXHufJTcCv7AW6P3eSiWxdtLCRuEWfRXpB/1G1W8hj+0c3ST7ks5oWybokQFq/OtVMAost5vjTgGZHZnf8XqMZ3wdHVrlzc=
O63gJQN3abzPf9iaDytSQuBBQjL3uV62rHeIzuvOSxa2pn/ZKtSsaWx/ppb7MfVk0rEUsFjBO2hpBTdto3mBEGBR9/Rgv9RmWhLBMQ3PSilQ+zWECbBFs3yOegbgFVPMdZE3sIxIAS/MlQQ8akCguGXbw+q1Kr93HNhllo8JAns=
sD1HOmGZncxW7TZe9Vi16z2sNqcLB13wURdXZxLM9TkSOZ73v7eUWeWk9ProlQYWI7a7bW6Ug90pTe33BNTaPlsaoeDL5lblUaZ6jiN7FPcc6ExDWu/FIFp9v7LxfaTKLhCoKQMpHVn7sm75dxPXivzhI0p9qNZ6MyFA7WOBCbs=
rWEeWvCLJYng2QipWJ9OQ06rzzibkvnvwFiKid/I0wVhOx+wlgNs7Rit4LPNqb6uOKbsgjKE6csHqApEyE9bFDfqzkZe4Vzw5o4/o4kca0T1rtqrtJYGlIXUZGnt8USnjVVbI6Asq00/K5pUVnk2Ilq5ZhXAJGdcwCd3rh35Ep4=
Dw5yiwopLgoNetVGSYytg+hkoCA91QY4q56IsJ52Y92m8OMP9KFJNF6tqFKbD4sS4jIjVGcLs1IiWsBBRkVxtOUjzmEgsNAUBrLha/xO+7wX1VigsfhDS2axibqILm6Sx3MHbuKBzN1M3TLjzKLyAeBk1I/obasZtIUQgxdSKoA=
E7xtWRf/UBrS4vfL6uYXu+tLaSnlmnmvLBfvfoCKP0AKjcRc9yfz2ysv3OOQcQOJzRFC07ZolenWnXa5M4TieMVrYViV0CQ2o0JK1h8lSnNPlTgdq4J1Ekp48lBljJcZivpQFcGA01Dx1n4YIvkGZ7A2emUbUqIDUiF0cGEbfAQ=
UYlgnjywPDeYz6HRcpfTnAqbQMOjEOSxIzjhHk3LfZhF3vKu98TLBDcZuNBEOmOnP+gDrIGRZq8qtIzaPt5MDcCeWF0hmpOeb3WSdMTePdEDM6kQ9UWtcz1edtul4bxjCu5XlMq3Q1pvL9+KO2LK+mzuy6DzSE1gruxKR1dfWgU=
RsRiukBX2zFVj9M8XM5xy91fUtsbzqkQBlnntZJj8lH9peaWwnTR/SDGRoEyZwZ82MUyggbt5UdycGF1hn9iLzKWmYW94kvvc8sokIFIyXRSQWYPxCzXIebgiMfQYY3n68CkllGGd/rwdfM0wVUfm10J+WkMZ6pZBHqT4SxiNis=
I9HtI8N44hQktQsx+TzpZ3g2LHMtUnCfYuJEdBo/bQDnAJoEJRzGTKxjYdd3RKRMawCEjrDLqdV5Q5/VXhYW6IW/Civyip9ezjavikQWmPb1EfLJcrWoBJdYeb3bC25RilyrAw3OgPfXIbqVSumbpvFkSiIH94IwwwYssbP8Ddg=
wpl3wyu9GWQYkKnkIhnLusyWkrFq6jMAJzxmiOUCuwJnrdtT0X3JcKAxHsQr7IrsBh6GZ2nTvVBnmDpAv6kACzoY25VXjywg7n8NDgPTxid9maZGtSuQ2X2e7HMPeoHa5KF7X2eWFl9Fe6dkmFPiXn/KAHQqPjF7OLnPmUtr0iA=
Gdu5yWJOPfL+gTygDudHqgLMF9NzxGGML9bOoZvfjpogZecttM0j9x7G5AmbigsQwDya4MgQUSNvneJl3NqfsNRMK7eDbv59nE72q1o20pdagQgKtxjyg0qqLBxyk+ILxEa3jkxSRXDKDdnFW2PAVqmxTKr8wV76+X8S0chZPTQ=
EvrtNGpU1A+Zb7Hg4b8sd1GzJIxHONGdKwnsZXt9o1+v8VN8XfruHDgmTVvxwV3V3CXzyreAINhoW6GHo3aijnUHTtZ274+8yKT7Oy0TVgkvvUFtN2TEtbhRk+vmUIZx3gRQOCcPu/J5h182qvJkyvRFltnzKi0NRupWdmKZ4lY=
njBxi/uyC4/7h+kgVGJ3QNH71Em1OFV8hYNkHH2npIaL+YVtv4jfnvXPPavdWXRzVwRl7679SjRa7sFBKhro15CBJggVGYu6AVOV1UgUupGdtub/ee2WJPpN9vuLHXZ+goyqSDEwJhdXfXXmfwz4DDiYfWUrZfmcrRhvwK5vATU=
T4+x8rWE2zDX3YVWHSmBYZ5MJ5iKB20EBVqpxa7IODdVniSgNLE+xM778sn7k+mFI1RtkiE7734Vkwxeoq+Rsax/GU7axFiAfgoyRblLhoNrlElPCJo8PPaL65w6diietu0evOewlsZszudiJYBMRiBmZEyOS4qIpOiK88o84mo=
XtfzmQ9arHcR9zU0K+b/Y2cAg8ujUWOeUxFTGwD5lLWbxpeh/lKoFXW9pjGEJGykp1zorchAmJzLgUc7basxrildOmOHN635HKNR7Ka+ytG5gRnKI/fpi2F8N0IwhNG0bfeZ3damtPSBqxhFZ4spLAuLF2X94dV8TSoSW/awKkc=
QH2lOSH42CiiDV8nqSuRE9mnvvhVuBVYW7asckAJE3rGqvyzorliFcEBXv8DOOuGdqrPLzwJmmbQjOwPNpZi4R29xlO0udQPr2XGkKxJQnWSGaSzW9jHT8IzGR9yZOa0CgpcCcJnZfc3yKYX2Vo3vihewIKGchP0G6+H+vLvBpQ=
faPFx2Ehsp5AtzIobRO6jYmXfLkjnubcxn46mDjSo57NYZOrlSlmX+yJntuvzuRReR5khdGpQ9gDP3gIq4l+XBwWFoFUWcNOL8h7fxFYj/a5gviy9/Fk8XkQ3GJhAL1frwzDMzmkLjBU34smJWHqCX04Ek7a1y8hYcqN0+JOsog=
